This file contains any messages produced by compilers while
running configure, to aid debugging if configure makes a mistake.

It was created by iptables configure 1.4.4, which was
generated by GNU Autoconf 2.61.  Invocation command line was

  $ ./configure --host=mips-linux --with-ksource=../../linux-2.6.30 --enable-static --disable-shared --disable-ipv6 CFLAGS=-Os

## --------- ##
## Platform. ##
## --------- ##

hostname = sd8server88
uname -m = i686
uname -r = 2.6.38-13-generic-pae
uname -s = Linux
uname -v = #56-Ubuntu SMP Tue Feb 14 14:32:30 UTC 2012

/usr/bin/uname -p = unknown
/bin/uname -X     = unknown

/bin/arch              = unknown
/usr/bin/arch -k       = unknown
/usr/convex/getsysinfo = unknown
/usr/bin/hostinfo      = unknown
/bin/machine           = unknown
/usr/bin/oslevel       = unknown
/bin/universe          = unknown

PATH: /home/keith_huang/11n/rlx/patch_area/rtl819x-SDK-v32_v321_v3211_322/rtl819x/toolchain/rsdk-1.3.6-4181-EB-2.6.30-0.9.30/bin
PATH: /usr/local/sbin
PATH: /usr/local/bin
PATH: /usr/sbin
PATH: /usr/bin
PATH: /sbin
PATH: /bin
PATH: /usr/games


## ----------- ##
## Core tests. ##
## ----------- ##

configure:1999: checking for a BSD-compatible install
configure:2055: result: /usr/bin/install -c
configure:2067: checking whether build environment is sane
configure:2110: result: yes
configure:2175: checking for gawk
configure:2191: found /usr/bin/gawk
configure:2202: result: gawk
configure:2213: checking whether make sets $(MAKE)
configure:2234: result: yes
configure:2310: checking for mips-linux-strip
configure:2337: result: rsdk-linux-strip
configure:2426: checking for mips-linux-gcc
configure:2453: result: rsdk-linux-gcc
configure:2731: checking for C compiler version
configure:2738: rsdk-linux-gcc --version >&5
mips-linux-gcc (GCC) 3.4.6-1.3.6
Copyright (C) 2006 Free Software Foundation, Inc.
This is free software; see the source for copying conditions.  There is NO
warranty; not even for MERCHANTABILITY or FITNESS FOR A PARTICULAR PURPOSE.

configure:2741: $? = 0
configure:2748: rsdk-linux-gcc -v >&5
Reading specs from /home/keith_huang/11n/rlx/patch_area/rtl819x-SDK-v32_v321_v3211_322/rtl819x/toolchain/rsdk-1.3.6-4181-EB-2.6.30-0.9.30/bin/../lib/gcc/mips-linux/3.4.6-1.3.6/specs
Configured with: RSDK Builder release 1.3
Thread model: posix
gcc version 3.4.6-1.3.6
configure:2751: $? = 0
configure:2758: rsdk-linux-gcc -V >&5
mips-linux-gcc: `-V' must come at the start of the command line
configure:2761: $? = 1
configure:2784: checking for C compiler default output file name
configure:2811: rsdk-linux-gcc -Os   conftest.c  >&5
configure:2814: $? = 0
configure:2852: result: a.out
configure:2869: checking whether the C compiler works
configure:2879: ./a.out
./configure: line 2880: ./a.out: cannot execute binary file
configure:2882: $? = 126
configure:2899: result: yes
configure:2906: checking whether we are cross compiling
configure:2908: result: yes
configure:2911: checking for suffix of executables
configure:2918: rsdk-linux-gcc -o conftest -Os   conftest.c  >&5
configure:2921: $? = 0
configure:2945: result: 
configure:2951: checking for suffix of object files
configure:2977: rsdk-linux-gcc -c -Os  conftest.c >&5
configure:2980: $? = 0
configure:3003: result: o
configure:3007: checking whether we are using the GNU C compiler
configure:3036: rsdk-linux-gcc -c -Os  conftest.c >&5
configure:3042: $? = 0
configure:3059: result: yes
configure:3064: checking whether rsdk-linux-gcc accepts -g
configure:3094: rsdk-linux-gcc -c -g  conftest.c >&5
configure:3100: $? = 0
configure:3199: result: yes
configure:3216: checking for rsdk-linux-gcc option to accept ISO C89
configure:3290: rsdk-linux-gcc  -c -Os  conftest.c >&5
configure:3296: $? = 0
configure:3319: result: none needed
configure:3348: checking for style of include used by make
configure:3376: result: GNU
configure:3404: checking dependency style of rsdk-linux-gcc
configure:3494: result: gcc3
configure:3512: checking whether rsdk-linux-gcc and cc understand -c and -o together
configure:3547: rsdk-linux-gcc -c conftest.c -o conftest2.o >&5
configure:3550: $? = 0
configure:3556: rsdk-linux-gcc -c conftest.c -o conftest2.o >&5
configure:3559: $? = 0
configure:3570: cc -c conftest.c >&5
configure:3573: $? = 0
configure:3581: cc -c conftest.c -o conftest2.o >&5
configure:3584: $? = 0
configure:3590: cc -c conftest.c -o conftest2.o >&5
configure:3593: $? = 0
configure:3611: result: yes
configure:3698: checking build system type
configure:3716: result: i686-pc-linux-gnu
configure:3738: checking host system type
configure:3753: result: mips-unknown-linux-gnu
configure:3775: checking for a sed that does not truncate output
configure:3854: result: /bin/sed
configure:3872: checking for grep that handles long lines and -e
configure:3946: result: /bin/grep
configure:3951: checking for egrep
configure:4029: result: /bin/grep -E
configure:4034: checking for fgrep
configure:4112: result: /bin/grep -F
configure:4147: checking for ld used by rsdk-linux-gcc
configure:4214: result: rsdk-linux-gcc
configure:4223: checking if the linker (rsdk-linux-gcc) is GNU ld
configure:4238: result: no
configure:4250: checking for BSD- or MS-compatible name lister (nm)
configure:4299: result: /home/keith_huang/11n/rlx/patch_area/rtl819x-SDK-v32_v321_v3211_322/rtl819x/toolchain/rsdk-1.3.6-4181-EB-2.6.30-0.9.30/bin/mips-linux-nm -B
configure:4421: checking the name lister (/home/keith_huang/11n/rlx/patch_area/rtl819x-SDK-v32_v321_v3211_322/rtl819x/toolchain/rsdk-1.3.6-4181-EB-2.6.30-0.9.30/bin/mips-linux-nm -B) interface
configure:4428: rsdk-linux-gcc -c -Os  conftest.c >&5
configure:4431: /home/keith_huang/11n/rlx/patch_area/rtl819x-SDK-v32_v321_v3211_322/rtl819x/toolchain/rsdk-1.3.6-4181-EB-2.6.30-0.9.30/bin/mips-linux-nm -B "conftest.o"
configure:4434: output
00000000 D some_variable
configure:4441: result: BSD nm
configure:4444: checking whether ln -s works
configure:4448: result: yes
configure:4456: checking the maximum length of command line arguments
configure:4576: result: 805306365
configure:4593: checking whether the shell understands some XSI constructs
configure:4603: result: yes
configure:4607: checking whether the shell understands "+="
configure:4613: result: yes
configure:4648: checking for rsdk-linux-gcc option to reload object files
configure:4655: result: -r
configure:4684: checking for mips-linux-objdump
configure:4700: found /home/keith_huang/11n/rlx/patch_area/rtl819x-SDK-v32_v321_v3211_322/rtl819x/toolchain/rsdk-1.3.6-4181-EB-2.6.30-0.9.30/bin/mips-linux-objdump
configure:4711: result: mips-linux-objdump
configure:4787: checking how to recognize dependent libraries
configure:4983: result: pass_all
configure:5003: checking for mips-linux-ar
configure:5030: result: rsdk-linux-ar
configure:5112: checking for mips-linux-strip
configure:5139: result: rsdk-linux-strip
configure:5215: checking for mips-linux-ranlib
configure:5242: result: rsdk-linux-ranlib
configure:5376: checking command to parse /home/keith_huang/11n/rlx/patch_area/rtl819x-SDK-v32_v321_v3211_322/rtl819x/toolchain/rsdk-1.3.6-4181-EB-2.6.30-0.9.30/bin/mips-linux-nm -B output from rsdk-linux-gcc object
configure:5494: rsdk-linux-gcc -c -Os  conftest.c >&5
configure:5497: $? = 0
configure:5501: /home/keith_huang/11n/rlx/patch_area/rtl819x-SDK-v32_v321_v3211_322/rtl819x/toolchain/rsdk-1.3.6-4181-EB-2.6.30-0.9.30/bin/mips-linux-nm -B conftest.o \| sed -n -e 's/^.*[	 ]\([ABCDGIRSTW][ABCDGIRSTW]*\)[	 ][	 ]*\([_A-Za-z][_A-Za-z0-9]*\)$/\1 \2 \2/p' \> conftest.nm
configure:5504: $? = 0
configure:5558: rsdk-linux-gcc -o conftest -Os   conftest.c conftstm.o >&5
configure:5561: $? = 0
configure:5599: result: ok
configure:6478: checking how to run the C preprocessor
configure:6518: rsdk-linux-gcc -E  conftest.c
configure:6524: $? = 0
configure:6555: rsdk-linux-gcc -E  conftest.c
conftest.c:10:28: ac_nonexistent.h: No such file or directory
configure:6561: $? = 1
configure: failed program was:
| /* confdefs.h.  */
| #define PACKAGE_NAME "iptables"
| #define PACKAGE_TARNAME "iptables"
| #define PACKAGE_VERSION "1.4.4"
| #define PACKAGE_STRING "iptables 1.4.4"
| #define PACKAGE_BUGREPORT ""
| #define PACKAGE "iptables"
| #define VERSION "1.4.4"
| /* end confdefs.h.  */
| #include <ac_nonexistent.h>
configure:6594: result: rsdk-linux-gcc -E
configure:6623: rsdk-linux-gcc -E  conftest.c
configure:6629: $? = 0
configure:6660: rsdk-linux-gcc -E  conftest.c
conftest.c:10:28: ac_nonexistent.h: No such file or directory
configure:6666: $? = 1
configure: failed program was:
| /* confdefs.h.  */
| #define PACKAGE_NAME "iptables"
| #define PACKAGE_TARNAME "iptables"
| #define PACKAGE_VERSION "1.4.4"
| #define PACKAGE_STRING "iptables 1.4.4"
| #define PACKAGE_BUGREPORT ""
| #define PACKAGE "iptables"
| #define VERSION "1.4.4"
| /* end confdefs.h.  */
| #include <ac_nonexistent.h>
configure:6704: checking for ANSI C header files
configure:6734: rsdk-linux-gcc -c -Os  conftest.c >&5
configure:6740: $? = 0
configure:6868: result: yes
configure:6892: checking for sys/types.h
configure:6913: rsdk-linux-gcc -c -Os  conftest.c >&5
configure:6919: $? = 0
configure:6935: result: yes
configure:6892: checking for sys/stat.h
configure:6913: rsdk-linux-gcc -c -Os  conftest.c >&5
configure:6919: $? = 0
configure:6935: result: yes
configure:6892: checking for stdlib.h
configure:6913: rsdk-linux-gcc -c -Os  conftest.c >&5
configure:6919: $? = 0
configure:6935: result: yes
configure:6892: checking for string.h
configure:6913: rsdk-linux-gcc -c -Os  conftest.c >&5
configure:6919: $? = 0
configure:6935: result: yes
configure:6892: checking for memory.h
configure:6913: rsdk-linux-gcc -c -Os  conftest.c >&5
configure:6919: $? = 0
configure:6935: result: yes
configure:6892: checking for strings.h
configure:6913: rsdk-linux-gcc -c -Os  conftest.c >&5
configure:6919: $? = 0
configure:6935: result: yes
configure:6892: checking for inttypes.h
configure:6913: rsdk-linux-gcc -c -Os  conftest.c >&5
configure:6919: $? = 0
configure:6935: result: yes
configure:6892: checking for stdint.h
configure:6913: rsdk-linux-gcc -c -Os  conftest.c >&5
configure:6919: $? = 0
configure:6935: result: yes
configure:6892: checking for unistd.h
configure:6913: rsdk-linux-gcc -c -Os  conftest.c >&5
configure:6919: $? = 0
configure:6935: result: yes
configure:6951: checking for dlfcn.h
configure:6972: rsdk-linux-gcc -c -Os  conftest.c >&5
configure:6978: $? = 0
configure:6994: result: yes
configure:7148: checking for objdir
configure:7163: result: .libs
configure:7459: checking if rsdk-linux-gcc supports -fno-rtti -fno-exceptions
configure:7477: rsdk-linux-gcc -c -Os  -fno-rtti -fno-exceptions conftest.c >&5
cc1: warning: command line option "-fno-rtti" is valid for C++/ObjC++ but not for C
configure:7481: $? = 0
configure:7494: result: no
configure:7514: checking for rsdk-linux-gcc option to produce PIC
configure:7786: result: -fPIC -DPIC
configure:7798: checking if rsdk-linux-gcc PIC flag -fPIC -DPIC works
configure:7816: rsdk-linux-gcc -c -Os  -fPIC -DPIC -DPIC conftest.c >&5
configure:7820: $? = 0
configure:7833: result: yes
configure:7857: checking if rsdk-linux-gcc static flag -static works
configure:7885: result: yes
configure:7900: checking if rsdk-linux-gcc supports -c -o file.o
configure:7921: rsdk-linux-gcc -c -Os  -o out/conftest2.o conftest.c >&5
configure:7925: $? = 0
configure:7947: result: yes
configure:7955: checking if rsdk-linux-gcc supports -c -o file.o
configure:8002: result: yes
configure:8035: checking whether the rsdk-linux-gcc linker (rsdk-linux-gcc) supports shared libraries
configure:9101: result: no
configure:9340: checking dynamic linker characteristics
configure:9783: rsdk-linux-gcc -o conftest -Os    conftest.c  >&5
configure:9789: $? = 0
configure:10031: result: GNU/Linux ld.so
configure:10133: checking how to hardcode library paths into programs
configure:10158: result: unsupported
configure:10963: checking whether stripping libraries is possible
configure:10968: result: yes
configure:11003: checking if libtool supports shared libraries
configure:11005: result: no
configure:11008: checking whether to build shared libraries
configure:11029: result: no
configure:11032: checking whether to build static libraries
configure:11036: result: yes
configure:11143: checking linux/dccp.h usability
configure:11160: rsdk-linux-gcc -c -Os  conftest.c >&5
configure:11166: $? = 0
configure:11180: result: yes
configure:11184: checking linux/dccp.h presence
configure:11199: rsdk-linux-gcc -E  conftest.c
configure:11205: $? = 0
configure:11219: result: yes
configure:11247: checking for linux/dccp.h
configure:11254: result: yes
configure:11510: creating ./config.status

## ---------------------- ##
## Running config.status. ##
## ---------------------- ##

This file was extended by iptables config.status 1.4.4, which was
generated by GNU Autoconf 2.61.  Invocation command line was

  CONFIG_FILES    = 
  CONFIG_HEADERS  = 
  CONFIG_LINKS    = 
  CONFIG_COMMANDS = 
  $ ./config.status 

on sd8server88

config.status:872: creating Makefile
config.status:872: creating extensions/GNUmakefile
config.status:872: creating include/Makefile
config.status:872: creating libipq/Makefile
config.status:872: creating include/xtables.h
config.status:872: creating include/iptables/internal.h
config.status:872: creating libiptc.pc
config.status:872: creating xtables.pc
config.status:872: creating config.h
config.status:1094: config.h is unchanged
config.status:1140: executing depfiles commands
config.status:1140: executing libtool commands

## ---------------- ##
## Cache variables. ##
## ---------------- ##

ac_cv_build=i686-pc-linux-gnu
ac_cv_c_compiler_gnu=yes
ac_cv_env_CC_set=set
ac_cv_env_CC_value=rsdk-linux-gcc
ac_cv_env_CFLAGS_set=set
ac_cv_env_CFLAGS_value=-Os
ac_cv_env_CPPFLAGS_set=
ac_cv_env_CPPFLAGS_value=
ac_cv_env_CPP_set=
ac_cv_env_CPP_value=
ac_cv_env_LDFLAGS_set=
ac_cv_env_LDFLAGS_value=
ac_cv_env_LIBS_set=
ac_cv_env_LIBS_value=
ac_cv_env_build_alias_set=
ac_cv_env_build_alias_value=
ac_cv_env_host_alias_set=set
ac_cv_env_host_alias_value=mips-linux
ac_cv_env_target_alias_set=
ac_cv_env_target_alias_value=
ac_cv_header_dlfcn_h=yes
ac_cv_header_inttypes_h=yes
ac_cv_header_linux_dccp_h=yes
ac_cv_header_memory_h=yes
ac_cv_header_stdc=yes
ac_cv_header_stdint_h=yes
ac_cv_header_stdlib_h=yes
ac_cv_header_string_h=yes
ac_cv_header_strings_h=yes
ac_cv_header_sys_stat_h=yes
ac_cv_header_sys_types_h=yes
ac_cv_header_unistd_h=yes
ac_cv_host=mips-unknown-linux-gnu
ac_cv_objext=o
ac_cv_path_EGREP='/bin/grep -E'
ac_cv_path_FGREP='/bin/grep -F'
ac_cv_path_GREP=/bin/grep
ac_cv_path_SED=/bin/sed
ac_cv_path_install='/usr/bin/install -c'
ac_cv_prog_AR=rsdk-linux-ar
ac_cv_prog_AWK=gawk
ac_cv_prog_CC=rsdk-linux-gcc
ac_cv_prog_CPP='rsdk-linux-gcc -E'
ac_cv_prog_OBJDUMP=mips-linux-objdump
ac_cv_prog_RANLIB=rsdk-linux-ranlib
ac_cv_prog_STRIP=rsdk-linux-strip
ac_cv_prog_cc_c89=
ac_cv_prog_cc_g=yes
ac_cv_prog_cc_rsdk_linux_gcc_c_o=yes
ac_cv_prog_make_make_set=yes
am_cv_CC_dependencies_compiler_type=gcc3
lt_cv_deplibs_check_method=pass_all
lt_cv_file_magic_cmd='$MAGIC_CMD'
lt_cv_file_magic_test_file=
lt_cv_ld_reload_flag=-r
lt_cv_nm_interface='BSD nm'
lt_cv_objdir=.libs
lt_cv_path_LD=rsdk-linux-gcc
lt_cv_path_NM='/home/keith_huang/11n/rlx/patch_area/rtl819x-SDK-v32_v321_v3211_322/rtl819x/toolchain/rsdk-1.3.6-4181-EB-2.6.30-0.9.30/bin/mips-linux-nm -B'
lt_cv_prog_compiler_c_o=yes
lt_cv_prog_compiler_pic_works=yes
lt_cv_prog_compiler_rtti_exceptions=no
lt_cv_prog_compiler_static_works=yes
lt_cv_prog_gnu_ld=no
lt_cv_sys_global_symbol_pipe='sed -n -e '\''s/^.*[	 ]\([ABCDGIRSTW][ABCDGIRSTW]*\)[	 ][	 ]*\([_A-Za-z][_A-Za-z0-9]*\)$/\1 \2 \2/p'\'''
lt_cv_sys_global_symbol_to_c_name_address='sed -n -e '\''s/^: \([^ ]*\) $/  {\"\1\", (void *) 0},/p'\'' -e '\''s/^[ABCDGIRSTW]* \([^ ]*\) \([^ ]*\)$/  {"\2", (void *) \&\2},/p'\'''
lt_cv_sys_global_symbol_to_c_name_address_lib_prefix='sed -n -e '\''s/^: \([^ ]*\) $/  {\"\1\", (void *) 0},/p'\'' -e '\''s/^[ABCDGIRSTW]* \([^ ]*\) \(lib[^ ]*\)$/  {"\2", (void *) \&\2},/p'\'' -e '\''s/^[ABCDGIRSTW]* \([^ ]*\) \([^ ]*\)$/  {"lib\2", (void *) \&\2},/p'\'''
lt_cv_sys_global_symbol_to_cdecl='sed -n -e '\''s/^T .* \(.*\)$/extern int \1();/p'\'' -e '\''s/^[ABCDGIRSTW]* .* \(.*\)$/extern char \1;/p'\'''
lt_cv_sys_max_cmd_len=805306365

## ----------------- ##
## Output variables. ##
## ----------------- ##

ACLOCAL='${SHELL} /home/keith_huang/11n/rlx/patch_area/rtl819x-SDK-v32_v321_v3211_322/rtl819x/users/iptables-1.4.4/missing --run aclocal-1.9'
AMDEPBACKSLASH='\'
AMDEP_FALSE='#'
AMDEP_TRUE=''
AMTAR='${SHELL} /home/keith_huang/11n/rlx/patch_area/rtl819x-SDK-v32_v321_v3211_322/rtl819x/users/iptables-1.4.4/missing --run tar'
AR='rsdk-linux-ar'
AUTOCONF='${SHELL} /home/keith_huang/11n/rlx/patch_area/rtl819x-SDK-v32_v321_v3211_322/rtl819x/users/iptables-1.4.4/missing --run autoconf'
AUTOHEADER='${SHELL} /home/keith_huang/11n/rlx/patch_area/rtl819x-SDK-v32_v321_v3211_322/rtl819x/users/iptables-1.4.4/missing --run autoheader'
AUTOMAKE='${SHELL} /home/keith_huang/11n/rlx/patch_area/rtl819x-SDK-v32_v321_v3211_322/rtl819x/users/iptables-1.4.4/missing --run automake-1.9'
AWK='gawk'
CC='rsdk-linux-gcc'
CCDEPMODE='depmode=gcc3'
CFLAGS='-Os'
CPP='rsdk-linux-gcc -E'
CPPFLAGS=''
CYGPATH_W='echo'
DEFS='-DHAVE_CONFIG_H'
DEPDIR='.deps'
DSYMUTIL=''
DUMPBIN=''
ECHO_C=''
ECHO_N='-n'
ECHO_T=''
EGREP='/bin/grep -E'
ENABLE_DEVEL_FALSE='#'
ENABLE_DEVEL_TRUE=''
ENABLE_IPV4_FALSE='#'
ENABLE_IPV4_TRUE=''
ENABLE_IPV6_FALSE=''
ENABLE_IPV6_TRUE='#'
ENABLE_LIBIPQ_FALSE=''
ENABLE_LIBIPQ_TRUE='#'
ENABLE_SHARED_FALSE=''
ENABLE_SHARED_TRUE='#'
ENABLE_STATIC_FALSE='#'
ENABLE_STATIC_TRUE=''
EXEEXT=''
FGREP='/bin/grep -F'
GREP='/bin/grep'
INSTALL_DATA='${INSTALL} -m 644'
INSTALL_PROGRAM='${INSTALL}'
INSTALL_SCRIPT='${INSTALL}'
INSTALL_STRIP_PROGRAM='${SHELL} $(install_sh) -c -s'
LD='rsdk-linux-gcc'
LDFLAGS=''
LIBOBJS=''
LIBS=''
LIBTOOL='$(SHELL) $(top_builddir)/libtool'
LIPO=''
LN_S='ln -s'
LTLIBOBJS=''
MAKEINFO='${SHELL} /home/keith_huang/11n/rlx/patch_area/rtl819x-SDK-v32_v321_v3211_322/rtl819x/users/iptables-1.4.4/missing --run makeinfo'
NM='/home/keith_huang/11n/rlx/patch_area/rtl819x-SDK-v32_v321_v3211_322/rtl819x/toolchain/rsdk-1.3.6-4181-EB-2.6.30-0.9.30/bin/mips-linux-nm -B'
NMEDIT=''
OBJDUMP='mips-linux-objdump'
OBJEXT='o'
OTOOL64=''
OTOOL=''
PACKAGE='iptables'
PACKAGE_BUGREPORT=''
PACKAGE_NAME='iptables'
PACKAGE_STRING='iptables 1.4.4'
PACKAGE_TARNAME='iptables'
PACKAGE_VERSION='1.4.4'
PATH_SEPARATOR=':'
RANLIB='rsdk-linux-ranlib'
SED='/bin/sed'
SET_MAKE=''
SHELL='/bin/sh'
STRIP='rsdk-linux-strip'
VERSION='1.4.4'
ac_ct_CC=''
ac_ct_DUMPBIN=''
am__fastdepCC_FALSE='#'
am__fastdepCC_TRUE=''
am__include='include'
am__leading_dot='.'
am__quote=''
am__tar='${AMTAR} chof - "$$tardir"'
am__untar='${AMTAR} xf -'
bindir='${exec_prefix}/bin'
blacklist_modules=''
build='i686-pc-linux-gnu'
build_alias=''
build_cpu='i686'
build_os='linux-gnu'
build_vendor='pc'
datadir='${datarootdir}'
datarootdir='${prefix}/share'
docdir='${datarootdir}/doc/${PACKAGE_TARNAME}'
dvidir='${docdir}'
exec_prefix='${prefix}'
host='mips-unknown-linux-gnu'
host_alias='mips-linux'
host_cpu='mips'
host_os='linux-gnu'
host_vendor='unknown'
htmldir='${docdir}'
includedir='${prefix}/include'
infodir='${datarootdir}/info'
install_sh='/home/keith_huang/11n/rlx/patch_area/rtl819x-SDK-v32_v321_v3211_322/rtl819x/users/iptables-1.4.4/install-sh'
kbuilddir=''
kinclude_CFLAGS=' -I ../../linux-2.6.30/include'
ksourcedir='../../linux-2.6.30'
libdir='${exec_prefix}/lib'
libexecdir='${exec_prefix}/libexec'
libxtables_vage='0'
libxtables_vcurrent='2'
libxtables_vmajor='2'
localedir='${datarootdir}/locale'
localstatedir='${prefix}/var'
lt_ECHO='echo'
mandir='${datarootdir}/man'
mkdir_p='mkdir -p --'
oldincludedir='/usr/include'
pdfdir='${docdir}'
pkgconfigdir='${libdir}/pkgconfig'
prefix='/usr/local'
program_transform_name='s,x,x,'
psdir='${docdir}'
regular_CFLAGS='-D_LARGEFILE_SOURCE=1 -D_LARGE_FILES -D_FILE_OFFSET_BITS=64 	-D_REENTRANT -Wall -Waggregate-return -Wmissing-declarations 	-Wmissing-prototypes -Wredundant-decls -Wshadow -Wstrict-prototypes 	-Winline -pipe 	-DXTABLES_LIBDIR=\"${xtlibdir}\" -DXTABLES_INTERNAL'
sbindir='${exec_prefix}/sbin'
sharedstatedir='${prefix}/com'
sysconfdir='${prefix}/etc'
target_alias=''
xtlibdir='${exec_prefix}/libexec/xtables'

## ----------- ##
## confdefs.h. ##
## ----------- ##

#define PACKAGE_NAME "iptables"
#define PACKAGE_TARNAME "iptables"
#define PACKAGE_VERSION "1.4.4"
#define PACKAGE_STRING "iptables 1.4.4"
#define PACKAGE_BUGREPORT ""
#define PACKAGE "iptables"
#define VERSION "1.4.4"
#define STDC_HEADERS 1
#define HAVE_SYS_TYPES_H 1
#define HAVE_SYS_STAT_H 1
#define HAVE_STDLIB_H 1
#define HAVE_STRING_H 1
#define HAVE_MEMORY_H 1
#define HAVE_STRINGS_H 1
#define HAVE_INTTYPES_H 1
#define HAVE_STDINT_H 1
#define HAVE_UNISTD_H 1
#define HAVE_DLFCN_H 1
#define LT_OBJDIR ".libs/"

configure: exit 0
