This file contains any messages produced by compilers while
running configure, to aid debugging if configure makes a mistake.

It was created by flex configure 2.5.33, which was
generated by GNU Autoconf 2.57.  Invocation command line was

  $ ./configure 

## --------- ##
## Platform. ##
## --------- ##

hostname = gateway2.rsdomain
uname -m = i686
uname -r = 2.4.20-8smp
uname -s = Linux
uname -v = #1 SMP Thu Mar 13 17:45:54 EST 2003

/usr/bin/uname -p = unknown
/bin/uname -X     = unknown

/bin/arch              = i686
/usr/bin/arch -k       = unknown
/usr/convex/getsysinfo = unknown
hostinfo               = unknown
/bin/machine           = unknown
/usr/bin/oslevel       = unknown
/bin/universe          = unknown

PATH: /usr/local/bin
PATH: /bin
PATH: /usr/bin
PATH: /usr/X11R6/bin
PATH: /export/home/hf_shi/bin


## ----------- ##
## Core tests. ##
## ----------- ##

configure:1344: checking for a BSD-compatible install
configure:1398: result: /usr/bin/install -c
configure:1409: checking whether build environment is sane
configure:1452: result: yes
configure:1485: checking for gawk
configure:1501: found /bin/gawk
configure:1511: result: gawk
configure:1521: checking whether make sets $(MAKE)
configure:1541: result: yes
configure:1723: checking whether NLS is requested
configure:1732: result: yes
configure:1770: checking for msgfmt
configure:1801: result: /usr/bin/msgfmt
configure:1810: checking for gmsgfmt
configure:1841: result: /usr/bin/msgfmt
configure:1880: checking for xgettext
configure:1914: result: no
configure:1951: checking for msgmerge
configure:1981: result: /usr/bin/msgmerge
configure:2044: checking for style of include used by make
configure:2072: result: GNU
configure:2143: checking for gcc
configure:2159: found /usr/bin/gcc
configure:2169: result: gcc
configure:2413: checking for C compiler version
configure:2416: gcc --version </dev/null >&5
gcc (GCC) 3.2.2 20030222 (Red Hat Linux 3.2.2-5)
Copyright (C) 2002 Free Software Foundation, Inc.
This is free software; see the source for copying conditions.  There is NO
warranty; not even for MERCHANTABILITY or FITNESS FOR A PARTICULAR PURPOSE.

configure:2419: $? = 0
configure:2421: gcc -v </dev/null >&5
Reading specs from /usr/lib/gcc-lib/i386-redhat-linux/3.2.2/specs
Configured with: ../configure --prefix=/usr --mandir=/usr/share/man --infodir=/usr/share/info --enable-shared --enable-threads=posix --disable-checking --with-system-zlib --enable-__cxa_atexit --host=i386-redhat-linux
Thread model: posix
gcc version 3.2.2 20030222 (Red Hat Linux 3.2.2-5)
configure:2424: $? = 0
configure:2426: gcc -V </dev/null >&5
gcc: argument to `-V' is missing
configure:2429: $? = 1
configure:2453: checking for C compiler default output
configure:2456: gcc    conftest.c  >&5
configure:2459: $? = 0
configure:2505: result: a.out
configure:2510: checking whether the C compiler works
configure:2516: ./a.out
configure:2519: $? = 0
configure:2536: result: yes
configure:2543: checking whether we are cross compiling
configure:2545: result: no
configure:2548: checking for suffix of executables
configure:2550: gcc -o conftest    conftest.c  >&5
configure:2553: $? = 0
configure:2578: result: 
configure:2584: checking for suffix of object files
configure:2606: gcc -c   conftest.c >&5
configure:2609: $? = 0
configure:2631: result: o
configure:2635: checking whether we are using the GNU C compiler
configure:2660: gcc -c   conftest.c >&5
configure:2663: $? = 0
configure:2666: test -s conftest.o
configure:2669: $? = 0
configure:2682: result: yes
configure:2688: checking whether gcc accepts -g
configure:2710: gcc -c -g  conftest.c >&5
configure:2713: $? = 0
configure:2716: test -s conftest.o
configure:2719: $? = 0
configure:2730: result: yes
configure:2747: checking for gcc option to accept ANSI C
configure:2808: gcc  -c -g -O2  conftest.c >&5
configure:2811: $? = 0
configure:2814: test -s conftest.o
configure:2817: $? = 0
configure:2835: result: none needed
configure:2853: gcc -c -g -O2  conftest.c >&5
conftest.c:2: parse error before "me"
configure:2856: $? = 1
configure: failed program was:
| #ifndef __cplusplus
|   choke me
| #endif
configure:2967: checking dependency style of gcc
configure:3035: result: gcc3
configure:3058: checking build system type
configure:3076: result: i686-pc-linux-gnu
configure:3084: checking host system type
configure:3098: result: i686-pc-linux-gnu
configure:3130: checking for ld used by GCC
configure:3193: result: /usr/bin/ld
configure:3202: checking if the linker (/usr/bin/ld) is GNU ld
GNU ld version 2.13.90.0.18 20030206
configure:3214: result: yes
configure:3220: checking for shared library run path origin
configure:3233: result: done
configure:3650: checking whether NLS is requested
configure:3659: result: yes
configure:3677: checking for GNU gettext in libc
configure:3702: gcc -o conftest -g -O2   conftest.c  >&5
configure:3705: $? = 0
configure:3708: test -s conftest
configure:3711: $? = 0
configure:3722: result: yes
configure:4381: checking whether to use NLS
configure:4383: result: yes
configure:4386: checking where the gettext function comes from
configure:4397: result: libc
configure:4464: checking for bison
configure:4480: found /usr/bin/bison
configure:4490: result: bison -y
configure:4505: checking for flex
configure:4521: found /usr/bin/flex
configure:4531: result: flex
configure:4544: checking for yywrap in -lfl
configure:4575: gcc -o conftest -g -O2   conftest.c -lfl   >&5
configure:4578: $? = 0
configure:4581: test -s conftest
configure:4584: $? = 0
configure:4596: result: yes
configure:4664: checking lex output file root
configure:4675: flex conftest.l
configure:4678: $? = 0
configure:4690: result: lex.yy
configure:4695: checking whether yytext is a pointer
configure:4711: gcc -o conftest -g -O2   conftest.c  -lfl >&5
configure:4714: $? = 0
configure:4717: test -s conftest
configure:4720: $? = 0
configure:4733: result: yes
configure:4793: checking for gcc
configure:4819: result: gcc
configure:5063: checking for C compiler version
configure:5066: gcc --version </dev/null >&5
gcc (GCC) 3.2.2 20030222 (Red Hat Linux 3.2.2-5)
Copyright (C) 2002 Free Software Foundation, Inc.
This is free software; see the source for copying conditions.  There is NO
warranty; not even for MERCHANTABILITY or FITNESS FOR A PARTICULAR PURPOSE.

configure:5069: $? = 0
configure:5071: gcc -v </dev/null >&5
Reading specs from /usr/lib/gcc-lib/i386-redhat-linux/3.2.2/specs
Configured with: ../configure --prefix=/usr --mandir=/usr/share/man --infodir=/usr/share/info --enable-shared --enable-threads=posix --disable-checking --with-system-zlib --enable-__cxa_atexit --host=i386-redhat-linux
Thread model: posix
gcc version 3.2.2 20030222 (Red Hat Linux 3.2.2-5)
configure:5074: $? = 0
configure:5076: gcc -V </dev/null >&5
gcc: argument to `-V' is missing
configure:5079: $? = 1
configure:5082: checking whether we are using the GNU C compiler
configure:5129: result: yes
configure:5135: checking whether gcc accepts -g
configure:5177: result: yes
configure:5194: checking for gcc option to accept ANSI C
configure:5282: result: none needed
configure:5300: gcc -c -g -O2  conftest.c >&5
conftest.c:2: parse error before "me"
configure:5303: $? = 1
configure: failed program was:
| #ifndef __cplusplus
|   choke me
| #endif
configure:5414: checking dependency style of gcc
configure:5482: result: gcc3
configure:5551: checking for g++
configure:5567: found /usr/bin/g++
configure:5577: result: g++
configure:5593: checking for C++ compiler version
configure:5596: g++ --version </dev/null >&5
g++ (GCC) 3.2.2 20030222 (Red Hat Linux 3.2.2-5)
Copyright (C) 2002 Free Software Foundation, Inc.
This is free software; see the source for copying conditions.  There is NO
warranty; not even for MERCHANTABILITY or FITNESS FOR A PARTICULAR PURPOSE.

configure:5599: $? = 0
configure:5601: g++ -v </dev/null >&5
Reading specs from /usr/lib/gcc-lib/i386-redhat-linux/3.2.2/specs
Configured with: ../configure --prefix=/usr --mandir=/usr/share/man --infodir=/usr/share/info --enable-shared --enable-threads=posix --disable-checking --with-system-zlib --enable-__cxa_atexit --host=i386-redhat-linux
Thread model: posix
gcc version 3.2.2 20030222 (Red Hat Linux 3.2.2-5)
configure:5604: $? = 0
configure:5606: g++ -V </dev/null >&5
g++: argument to `-V' missing

configure:5609: $? = 1
configure:5612: checking whether we are using the GNU C++ compiler
configure:5637: g++ -c   conftest.cc >&5
configure:5640: $? = 0
configure:5643: test -s conftest.o
configure:5646: $? = 0
configure:5659: result: yes
configure:5665: checking whether g++ accepts -g
configure:5687: g++ -c -g  conftest.cc >&5
configure:5690: $? = 0
configure:5693: test -s conftest.o
configure:5696: $? = 0
configure:5707: result: yes
configure:5751: g++ -c -g -O2  conftest.cc >&5
configure:5754: $? = 0
configure:5757: test -s conftest.o
configure:5760: $? = 0
configure:5787: g++ -c -g -O2  conftest.cc >&5
configure: In function `int main()':
configure:5788: `exit' undeclared (first use this function)
configure:5788: (Each undeclared identifier is reported only once for each 
   function it appears in.)
configure:5790: $? = 1
configure: failed program was:
| #line 5770 "configure"
| /* confdefs.h.  */
| 
| #define PACKAGE_NAME "flex"
| #define PACKAGE_TARNAME "flex"
| #define PACKAGE_VERSION "2.5.33"
| #define PACKAGE_STRING "flex 2.5.33"
| #define PACKAGE_BUGREPORT "flex-help@lists.sourceforge.net"
| #define PACKAGE "flex"
| #define VERSION "2.5.33"
| #define ENABLE_NLS 1
| #define HAVE_GETTEXT 1
| #define HAVE_DCGETTEXT 1
| #define YYTEXT_POINTER 1
| /* end confdefs.h.  */
| 
| int
| main ()
| {
| exit (42);
|   ;
|   return 0;
| }
configure:5751: g++ -c -g -O2  conftest.cc >&5
configure:5754: $? = 0
configure:5757: test -s conftest.o
configure:5760: $? = 0
configure:5787: g++ -c -g -O2  conftest.cc >&5
configure:5790: $? = 0
configure:5793: test -s conftest.o
configure:5796: $? = 0
configure:5821: checking dependency style of g++
configure:5889: result: gcc3
configure:5906: checking whether ln -s works
configure:5910: result: yes
configure:5958: checking for ranlib
configure:5974: found /usr/bin/ranlib
configure:5985: result: ranlib
configure:6000: checking for bison
configure:6018: found /usr/bin/bison
configure:6031: result: /usr/bin/bison
configure:6040: checking for help2man
configure:6071: result: help2man
configure:6085: checking for gm4
configure:6118: result: no
configure:6085: checking for gnum4
configure:6118: result: no
configure:6085: checking for m4
configure:6103: found /usr/bin/m4
configure:6115: result: /usr/bin/m4
configure:6127: checking for GNU m4
configure:6130: result: yes
configure:6151: checking for indent
configure:6169: found /usr/bin/indent
configure:6182: result: /usr/bin/indent
configure:6190: checking if /usr/bin/indent is GNU indent
configure:6193: result: yes
configure:6207: checking for log in -lm
configure:6238: gcc -o conftest -g -O2   conftest.c -lm   >&5
configure:6241: $? = 0
configure:6244: test -s conftest
configure:6247: $? = 0
configure:6259: result: yes
configure:6277: checking how to run the C preprocessor
configure:6313: gcc -E  conftest.c
configure:6319: $? = 0
configure:6351: gcc -E  conftest.c
configure:6361:28: ac_nonexistent.h: No such file or directory
configure:6357: $? = 1
configure: failed program was:
| #line 6342 "configure"
| /* confdefs.h.  */
| 
| #define PACKAGE_NAME "flex"
| #define PACKAGE_TARNAME "flex"
| #define PACKAGE_VERSION "2.5.33"
| #define PACKAGE_STRING "flex 2.5.33"
| #define PACKAGE_BUGREPORT "flex-help@lists.sourceforge.net"
| #define PACKAGE "flex"
| #define VERSION "2.5.33"
| #define ENABLE_NLS 1
| #define HAVE_GETTEXT 1
| #define HAVE_DCGETTEXT 1
| #define YYTEXT_POINTER 1
| #ifdef __cplusplus
| #include <stdlib.h>
| #endif
| #define M4 "/usr/bin/m4"
| #define HAVE_LIBM 1
| /* end confdefs.h.  */
| #include <ac_nonexistent.h>
configure:6395: result: gcc -E
configure:6420: gcc -E  conftest.c
configure:6426: $? = 0
configure:6458: gcc -E  conftest.c
configure:6468:28: ac_nonexistent.h: No such file or directory
configure:6464: $? = 1
configure: failed program was:
| #line 6449 "configure"
| /* confdefs.h.  */
| 
| #define PACKAGE_NAME "flex"
| #define PACKAGE_TARNAME "flex"
| #define PACKAGE_VERSION "2.5.33"
| #define PACKAGE_STRING "flex 2.5.33"
| #define PACKAGE_BUGREPORT "flex-help@lists.sourceforge.net"
| #define PACKAGE "flex"
| #define VERSION "2.5.33"
| #define ENABLE_NLS 1
| #define HAVE_GETTEXT 1
| #define HAVE_DCGETTEXT 1
| #define YYTEXT_POINTER 1
| #ifdef __cplusplus
| #include <stdlib.h>
| #endif
| #define M4 "/usr/bin/m4"
| #define HAVE_LIBM 1
| /* end confdefs.h.  */
| #include <ac_nonexistent.h>
configure:6507: checking for egrep
configure:6517: result: grep -E
configure:6522: checking for ANSI C header files
configure:6548: gcc -c -g -O2  conftest.c >&5
configure:6551: $? = 0
configure:6554: test -s conftest.o
configure:6557: $? = 0
configure:6646: gcc -o conftest -g -O2   conftest.c -lm  >&5
configure:6649: $? = 0
configure:6651: ./conftest
configure:6654: $? = 0
configure:6669: result: yes
configure:6693: checking for sys/types.h
configure:6710: gcc -c -g -O2  conftest.c >&5
configure:6713: $? = 0
configure:6716: test -s conftest.o
configure:6719: $? = 0
configure:6730: result: yes
configure:6693: checking for sys/stat.h
configure:6710: gcc -c -g -O2  conftest.c >&5
configure:6713: $? = 0
configure:6716: test -s conftest.o
configure:6719: $? = 0
configure:6730: result: yes
configure:6693: checking for stdlib.h
configure:6710: gcc -c -g -O2  conftest.c >&5
configure:6713: $? = 0
configure:6716: test -s conftest.o
configure:6719: $? = 0
configure:6730: result: yes
configure:6693: checking for string.h
configure:6710: gcc -c -g -O2  conftest.c >&5
configure:6713: $? = 0
configure:6716: test -s conftest.o
configure:6719: $? = 0
configure:6730: result: yes
configure:6693: checking for memory.h
configure:6710: gcc -c -g -O2  conftest.c >&5
configure:6713: $? = 0
configure:6716: test -s conftest.o
configure:6719: $? = 0
configure:6730: result: yes
configure:6693: checking for strings.h
configure:6710: gcc -c -g -O2  conftest.c >&5
configure:6713: $? = 0
configure:6716: test -s conftest.o
configure:6719: $? = 0
configure:6730: result: yes
configure:6693: checking for inttypes.h
configure:6710: gcc -c -g -O2  conftest.c >&5
configure:6713: $? = 0
configure:6716: test -s conftest.o
configure:6719: $? = 0
configure:6730: result: yes
configure:6693: checking for stdint.h
configure:6710: gcc -c -g -O2  conftest.c >&5
configure:6713: $? = 0
configure:6716: test -s conftest.o
configure:6719: $? = 0
configure:6730: result: yes
configure:6693: checking for unistd.h
configure:6710: gcc -c -g -O2  conftest.c >&5
configure:6713: $? = 0
configure:6716: test -s conftest.o
configure:6719: $? = 0
configure:6730: result: yes
configure:6750: checking for unistd.h
configure:6755: result: yes
configure:6759: checking stdbool.h usability
configure:6772: gcc -c -g -O2  conftest.c >&5
configure:6775: $? = 0
configure:6778: test -s conftest.o
configure:6781: $? = 0
configure:6791: result: yes
configure:6795: checking stdbool.h presence
configure:6806: gcc -E  conftest.c
configure:6812: $? = 0
configure:6831: result: yes
configure:6867: checking for stdbool.h
configure:6874: result: yes
configure:6759: checking netinet/in.h usability
configure:6772: gcc -c -g -O2  conftest.c >&5
configure:6775: $? = 0
configure:6778: test -s conftest.o
configure:6781: $? = 0
configure:6791: result: yes
configure:6795: checking netinet/in.h presence
configure:6806: gcc -E  conftest.c
configure:6812: $? = 0
configure:6831: result: yes
configure:6867: checking for netinet/in.h
configure:6874: result: yes
configure:6759: checking limits.h usability
configure:6772: gcc -c -g -O2  conftest.c >&5
configure:6775: $? = 0
configure:6778: test -s conftest.o
configure:6781: $? = 0
configure:6791: result: yes
configure:6795: checking limits.h presence
configure:6806: gcc -E  conftest.c
configure:6812: $? = 0
configure:6831: result: yes
configure:6867: checking for limits.h
configure:6874: result: yes
configure:6902: checking sys/wait.h usability
configure:6915: gcc -c -g -O2  conftest.c >&5
configure:6918: $? = 0
configure:6921: test -s conftest.o
configure:6924: $? = 0
configure:6934: result: yes
configure:6938: checking sys/wait.h presence
configure:6949: gcc -E  conftest.c
configure:6955: $? = 0
configure:6974: result: yes
configure:7010: checking for sys/wait.h
configure:7017: result: yes
configure:6902: checking sys/params.h usability
configure:6915: gcc -c -g -O2  conftest.c >&5
configure:6972:24: sys/params.h: No such file or directory
configure:6918: $? = 1
configure: failed program was:
| #line 6904 "configure"
| /* confdefs.h.  */
| 
| #define PACKAGE_NAME "flex"
| #define PACKAGE_TARNAME "flex"
| #define PACKAGE_VERSION "2.5.33"
| #define PACKAGE_STRING "flex 2.5.33"
| #define PACKAGE_BUGREPORT "flex-help@lists.sourceforge.net"
| #define PACKAGE "flex"
| #define VERSION "2.5.33"
| #define ENABLE_NLS 1
| #define HAVE_GETTEXT 1
| #define HAVE_DCGETTEXT 1
| #define YYTEXT_POINTER 1
| #ifdef __cplusplus
| #include <stdlib.h>
| #endif
| #define M4 "/usr/bin/m4"
| #define HAVE_LIBM 1
| #define STDC_HEADERS 1
| #define HAVE_SYS_TYPES_H 1
| #define HAVE_SYS_STAT_H 1
| #define HAVE_STDLIB_H 1
| #define HAVE_STRING_H 1
| #define HAVE_MEMORY_H 1
| #define HAVE_STRINGS_H 1
| #define HAVE_INTTYPES_H 1
| #define HAVE_STDINT_H 1
| #define HAVE_UNISTD_H 1
| #define HAVE_UNISTD_H 1
| #define HAVE_STDBOOL_H 1
| #define HAVE_NETINET_IN_H 1
| #define HAVE_LIMITS_H 1
| #define HAVE_SYS_WAIT_H 1
| /* end confdefs.h.  */
| #include <stdio.h>
| #if HAVE_SYS_TYPES_H
| # include <sys/types.h>
| #endif
| #if HAVE_SYS_STAT_H
| # include <sys/stat.h>
| #endif
| #if STDC_HEADERS
| # include <stdlib.h>
| # include <stddef.h>
| #else
| # if HAVE_STDLIB_H
| #  include <stdlib.h>
| # endif
| #endif
| #if HAVE_STRING_H
| # if !STDC_HEADERS && HAVE_MEMORY_H
| #  include <memory.h>
| # endif
| # include <string.h>
| #endif
| #if HAVE_STRINGS_H
| # include <strings.h>
| #endif
| #if HAVE_INTTYPES_H
| # include <inttypes.h>
| #else
| # if HAVE_STDINT_H
| #  include <stdint.h>
| # endif
| #endif
| #if HAVE_UNISTD_H
| # include <unistd.h>
| #endif
| #include <sys/params.h>
configure:6934: result: no
configure:6938: checking sys/params.h presence
configure:6949: gcc -E  conftest.c
configure:6974:24: sys/params.h: No such file or directory
configure:6955: $? = 1
configure: failed program was:
| #line 6940 "configure"
| /* confdefs.h.  */
| 
| #define PACKAGE_NAME "flex"
| #define PACKAGE_TARNAME "flex"
| #define PACKAGE_VERSION "2.5.33"
| #define PACKAGE_STRING "flex 2.5.33"
| #define PACKAGE_BUGREPORT "flex-help@lists.sourceforge.net"
| #define PACKAGE "flex"
| #define VERSION "2.5.33"
| #define ENABLE_NLS 1
| #define HAVE_GETTEXT 1
| #define HAVE_DCGETTEXT 1
| #define YYTEXT_POINTER 1
| #ifdef __cplusplus
| #include <stdlib.h>
| #endif
| #define M4 "/usr/bin/m4"
| #define HAVE_LIBM 1
| #define STDC_HEADERS 1
| #define HAVE_SYS_TYPES_H 1
| #define HAVE_SYS_STAT_H 1
| #define HAVE_STDLIB_H 1
| #define HAVE_STRING_H 1
| #define HAVE_MEMORY_H 1
| #define HAVE_STRINGS_H 1
| #define HAVE_INTTYPES_H 1
| #define HAVE_STDINT_H 1
| #define HAVE_UNISTD_H 1
| #define HAVE_UNISTD_H 1
| #define HAVE_STDBOOL_H 1
| #define HAVE_NETINET_IN_H 1
| #define HAVE_LIMITS_H 1
| #define HAVE_SYS_WAIT_H 1
| /* end confdefs.h.  */
| #include <sys/params.h>
configure:6974: result: no
configure:7010: checking for sys/params.h
configure:7017: result: no
configure:7044: checking cunistd usability
configure:7057: gcc -c -g -O2  conftest.c >&5
configure:7114:19: cunistd: No such file or directory
configure:7060: $? = 1
configure: failed program was:
| #line 7046 "configure"
| /* confdefs.h.  */
| 
| #define PACKAGE_NAME "flex"
| #define PACKAGE_TARNAME "flex"
| #define PACKAGE_VERSION "2.5.33"
| #define PACKAGE_STRING "flex 2.5.33"
| #define PACKAGE_BUGREPORT "flex-help@lists.sourceforge.net"
| #define PACKAGE "flex"
| #define VERSION "2.5.33"
| #define ENABLE_NLS 1
| #define HAVE_GETTEXT 1
| #define HAVE_DCGETTEXT 1
| #define YYTEXT_POINTER 1
| #ifdef __cplusplus
| #include <stdlib.h>
| #endif
| #define M4 "/usr/bin/m4"
| #define HAVE_LIBM 1
| #define STDC_HEADERS 1
| #define HAVE_SYS_TYPES_H 1
| #define HAVE_SYS_STAT_H 1
| #define HAVE_STDLIB_H 1
| #define HAVE_STRING_H 1
| #define HAVE_MEMORY_H 1
| #define HAVE_STRINGS_H 1
| #define HAVE_INTTYPES_H 1
| #define HAVE_STDINT_H 1
| #define HAVE_UNISTD_H 1
| #define HAVE_UNISTD_H 1
| #define HAVE_STDBOOL_H 1
| #define HAVE_NETINET_IN_H 1
| #define HAVE_LIMITS_H 1
| #define HAVE_SYS_WAIT_H 1
| /* end confdefs.h.  */
| #include <stdio.h>
| #if HAVE_SYS_TYPES_H
| # include <sys/types.h>
| #endif
| #if HAVE_SYS_STAT_H
| # include <sys/stat.h>
| #endif
| #if STDC_HEADERS
| # include <stdlib.h>
| # include <stddef.h>
| #else
| # if HAVE_STDLIB_H
| #  include <stdlib.h>
| # endif
| #endif
| #if HAVE_STRING_H
| # if !STDC_HEADERS && HAVE_MEMORY_H
| #  include <memory.h>
| # endif
| # include <string.h>
| #endif
| #if HAVE_STRINGS_H
| # include <strings.h>
| #endif
| #if HAVE_INTTYPES_H
| # include <inttypes.h>
| #else
| # if HAVE_STDINT_H
| #  include <stdint.h>
| # endif
| #endif
| #if HAVE_UNISTD_H
| # include <unistd.h>
| #endif
| #include <cunistd>
configure:7076: result: no
configure:7080: checking cunistd presence
configure:7091: gcc -E  conftest.c
configure:7116:19: cunistd: No such file or directory
configure:7097: $? = 1
configure: failed program was:
| #line 7082 "configure"
| /* confdefs.h.  */
| 
| #define PACKAGE_NAME "flex"
| #define PACKAGE_TARNAME "flex"
| #define PACKAGE_VERSION "2.5.33"
| #define PACKAGE_STRING "flex 2.5.33"
| #define PACKAGE_BUGREPORT "flex-help@lists.sourceforge.net"
| #define PACKAGE "flex"
| #define VERSION "2.5.33"
| #define ENABLE_NLS 1
| #define HAVE_GETTEXT 1
| #define HAVE_DCGETTEXT 1
| #define YYTEXT_POINTER 1
| #ifdef __cplusplus
| #include <stdlib.h>
| #endif
| #define M4 "/usr/bin/m4"
| #define HAVE_LIBM 1
| #define STDC_HEADERS 1
| #define HAVE_SYS_TYPES_H 1
| #define HAVE_SYS_STAT_H 1
| #define HAVE_STDLIB_H 1
| #define HAVE_STRING_H 1
| #define HAVE_MEMORY_H 1
| #define HAVE_STRINGS_H 1
| #define HAVE_INTTYPES_H 1
| #define HAVE_STDINT_H 1
| #define HAVE_UNISTD_H 1
| #define HAVE_UNISTD_H 1
| #define HAVE_STDBOOL_H 1
| #define HAVE_NETINET_IN_H 1
| #define HAVE_LIMITS_H 1
| #define HAVE_SYS_WAIT_H 1
| /* end confdefs.h.  */
| #include <cunistd>
configure:7116: result: no
configure:7152: checking for cunistd
configure:7159: result: no
configure:7187: checking locale.h usability
configure:7200: gcc -c -g -O2  conftest.c >&5
configure:7203: $? = 0
configure:7206: test -s conftest.o
configure:7209: $? = 0
configure:7219: result: yes
configure:7223: checking locale.h presence
configure:7234: gcc -E  conftest.c
configure:7240: $? = 0
configure:7259: result: yes
configure:7295: checking for locale.h
configure:7302: result: yes
configure:7187: checking libintl.h usability
configure:7200: gcc -c -g -O2  conftest.c >&5
configure:7203: $? = 0
configure:7206: test -s conftest.o
configure:7209: $? = 0
configure:7219: result: yes
configure:7223: checking libintl.h presence
configure:7234: gcc -E  conftest.c
configure:7240: $? = 0
configure:7259: result: yes
configure:7295: checking for libintl.h
configure:7302: result: yes
configure:7329: checking regex.h usability
configure:7342: gcc -c -g -O2  conftest.c >&5
configure:7345: $? = 0
configure:7348: test -s conftest.o
configure:7351: $? = 0
configure:7361: result: yes
configure:7365: checking regex.h presence
configure:7376: gcc -E  conftest.c
configure:7382: $? = 0
configure:7401: result: yes
configure:7437: checking for regex.h
configure:7444: result: yes
configure:7459: checking for size_t
configure:7484: gcc -c -g -O2  conftest.c >&5
configure:7487: $? = 0
configure:7490: test -s conftest.o
configure:7493: $? = 0
configure:7504: result: yes
configure:7518: checking whether __func__ is declared
configure:7543: gcc -c -g -O2  conftest.c >&5
configure:7546: $? = 0
configure:7549: test -s conftest.o
configure:7552: $? = 0
configure:7563: result: yes
configure:7708: creating ./config.status

## ---------------------- ##
## Running config.status. ##
## ---------------------- ##

This file was extended by flex config.status 2.5.33, which was
generated by GNU Autoconf 2.57.  Invocation command line was

  CONFIG_FILES    = 
  CONFIG_HEADERS  = 
  CONFIG_LINKS    = 
  CONFIG_COMMANDS = 
  $ ./config.status 

on gateway2.rsdomain

config.status:747: creating flex.spec
config.status:747: creating Makefile
config.status:747: creating doc/Makefile
config.status:747: creating examples/Makefile
config.status:747: creating examples/fastwc/Makefile
config.status:747: creating examples/manual/Makefile
config.status:747: creating m4/Makefile
config.status:747: creating po/Makefile.in
config.status:747: creating tools/Makefile
config.status:747: creating tests/Makefile
config.status:747: creating tests/TEMPLATE/Makefile
config.status:747: creating tests/test-array-nr/Makefile
config.status:747: creating tests/test-array-r/Makefile
config.status:747: creating tests/test-basic-nr/Makefile
config.status:747: creating tests/test-basic-r/Makefile
config.status:747: creating tests/test-bison-yylloc/Makefile
config.status:747: creating tests/test-bison-yylval/Makefile
config.status:747: creating tests/test-c-cpp-nr/Makefile
config.status:747: creating tests/test-c-cpp-r/Makefile
config.status:747: creating tests/test-header-nr/Makefile
config.status:747: creating tests/test-header-r/Makefile
config.status:747: creating tests/test-include-by-buffer/Makefile
config.status:747: creating tests/test-include-by-push/Makefile
config.status:747: creating tests/test-include-by-reentrant/Makefile
config.status:747: creating tests/test-multiple-scanners-nr/Makefile
config.status:747: creating tests/test-multiple-scanners-r/Makefile
config.status:747: creating tests/test-noansi-nr/Makefile
config.status:747: creating tests/test-noansi-r/Makefile
config.status:747: creating tests/test-prefix-nr/Makefile
config.status:747: creating tests/test-prefix-r/Makefile
config.status:747: creating tests/test-pthread/Makefile
config.status:747: creating tests/test-string-nr/Makefile
config.status:747: creating tests/test-string-r/Makefile
config.status:747: creating tests/test-yyextra/Makefile
config.status:747: creating tests/test-lineno-nr/Makefile
config.status:747: creating tests/test-lineno-r/Makefile
config.status:747: creating tests/test-linedir-r/Makefile
config.status:747: creating tests/test-debug-r/Makefile
config.status:747: creating tests/test-debug-nr/Makefile
config.status:747: creating tests/test-mem-nr/Makefile
config.status:747: creating tests/test-mem-r/Makefile
config.status:747: creating tests/test-posix/Makefile
config.status:747: creating tests/test-posixly-correct/Makefile
config.status:747: creating tests/test-table-opts/Makefile
config.status:747: creating tests/test-c++-basic/Makefile
config.status:747: creating tests/test-bison-nr/Makefile
config.status:747: creating tests/test-reject/Makefile
config.status:747: creating tests/test-c++-multiple-scanners/Makefile
config.status:747: creating tests/test-top/Makefile
config.status:747: creating tests/test-rescan-nr/Makefile
config.status:747: creating tests/test-rescan-r/Makefile
config.status:851: creating config.h
config.status:1106: executing default-1 commands
config.status:1106: executing depfiles commands

## ---------------- ##
## Cache variables. ##
## ---------------- ##

ac_cv_build=i686-pc-linux-gnu
ac_cv_build_alias=i686-pc-linux-gnu
ac_cv_c_compiler_gnu=yes
ac_cv_cxx_compiler_gnu=yes
ac_cv_env_CC_set=
ac_cv_env_CC_value=
ac_cv_env_CFLAGS_set=
ac_cv_env_CFLAGS_value=
ac_cv_env_CPPFLAGS_set=
ac_cv_env_CPPFLAGS_value=
ac_cv_env_CPP_set=
ac_cv_env_CPP_value=
ac_cv_env_CXXFLAGS_set=
ac_cv_env_CXXFLAGS_value=
ac_cv_env_CXX_set=
ac_cv_env_CXX_value=
ac_cv_env_LDFLAGS_set=
ac_cv_env_LDFLAGS_value=
ac_cv_env_build_alias_set=
ac_cv_env_build_alias_value=
ac_cv_env_host_alias_set=
ac_cv_env_host_alias_value=
ac_cv_env_target_alias_set=
ac_cv_env_target_alias_value=
ac_cv_exeext=
ac_cv_have_decl___func__=yes
ac_cv_header_cunistd=no
ac_cv_header_inttypes_h=yes
ac_cv_header_libintl_h=yes
ac_cv_header_limits_h=yes
ac_cv_header_locale_h=yes
ac_cv_header_memory_h=yes
ac_cv_header_netinet_in_h=yes
ac_cv_header_regex_h=yes
ac_cv_header_stdbool_h=yes
ac_cv_header_stdc=yes
ac_cv_header_stdint_h=yes
ac_cv_header_stdlib_h=yes
ac_cv_header_string_h=yes
ac_cv_header_strings_h=yes
ac_cv_header_sys_params_h=no
ac_cv_header_sys_stat_h=yes
ac_cv_header_sys_types_h=yes
ac_cv_header_sys_wait_h=yes
ac_cv_header_unistd_h=yes
ac_cv_host=i686-pc-linux-gnu
ac_cv_host_alias=i686-pc-linux-gnu
ac_cv_lib_fl_yywrap=yes
ac_cv_lib_m_log=yes
ac_cv_objext=o
ac_cv_path_BISON=/usr/bin/bison
ac_cv_path_GMSGFMT=/usr/bin/msgfmt
ac_cv_path_HELP2MAN=help2man
ac_cv_path_INDENT=/usr/bin/indent
ac_cv_path_M4=/usr/bin/m4
ac_cv_path_MSGFMT=/usr/bin/msgfmt
ac_cv_path_MSGMERGE=/usr/bin/msgmerge
ac_cv_path_XGETTEXT=:
ac_cv_path_install='/usr/bin/install -c'
ac_cv_prog_AWK=gawk
ac_cv_prog_CPP='gcc -E'
ac_cv_prog_LEX=flex
ac_cv_prog_YACC='bison -y'
ac_cv_prog_ac_ct_CC=gcc
ac_cv_prog_ac_ct_CXX=g++
ac_cv_prog_ac_ct_RANLIB=ranlib
ac_cv_prog_cc_g=yes
ac_cv_prog_cc_stdc=
ac_cv_prog_cxx_g=yes
ac_cv_prog_egrep='grep -E'
ac_cv_prog_lex_root=lex.yy
ac_cv_prog_lex_yytext_pointer=yes
ac_cv_prog_make_make_set=yes
ac_cv_type_size_t=yes
acl_cv_hardcode_direct=no
acl_cv_hardcode_libdir_flag_spec='${wl}-rpath ${wl}$libdir'
acl_cv_hardcode_libdir_separator=
acl_cv_hardcode_minus_L=no
acl_cv_libext=a
acl_cv_path_LD=/usr/bin/ld
acl_cv_prog_gnu_ld=yes
acl_cv_rpath=done
acl_cv_shlibext=so
acl_cv_wl=-Wl,
am_cv_CC_dependencies_compiler_type=gcc3
am_cv_CXX_dependencies_compiler_type=gcc3
gt_cv_func_gnugettext1_libc=yes

## ----------------- ##
## Output variables. ##
## ----------------- ##

ACLOCAL='${SHELL} /export/home/hf_shi/uClinux-dist/user/flex-2.5.33/missing --run aclocal-1.7'
AMDEPBACKSLASH='\'
AMDEP_FALSE='#'
AMDEP_TRUE=''
AMTAR='${SHELL} /export/home/hf_shi/uClinux-dist/user/flex-2.5.33/missing --run tar'
AUTOCONF='${SHELL} /export/home/hf_shi/uClinux-dist/user/flex-2.5.33/missing --run autoconf'
AUTOHEADER='${SHELL} /export/home/hf_shi/uClinux-dist/user/flex-2.5.33/missing --run autoheader'
AUTOMAKE='${SHELL} /export/home/hf_shi/uClinux-dist/user/flex-2.5.33/missing --run automake-1.7'
AWK='gawk'
BISON='/usr/bin/bison'
CC='gcc'
CCDEPMODE='depmode=gcc3'
CFLAGS='-g -O2'
CPP='gcc -E'
CPPFLAGS=''
CXX='g++'
CXXDEPMODE='depmode=gcc3'
CXXFLAGS='-g -O2'
CYGPATH_W='echo'
DEFS='-DHAVE_CONFIG_H'
DEPDIR='.deps'
ECHO_C=''
ECHO_N='-n'
ECHO_T=''
EGREP='grep -E'
EXEEXT=''
GMSGFMT='/usr/bin/msgfmt'
HELP2MAN='help2man'
INDENT='/usr/bin/indent'
INSTALL_DATA='${INSTALL} -m 644'
INSTALL_PROGRAM='${INSTALL}'
INSTALL_SCRIPT='${INSTALL}'
INSTALL_STRIP_PROGRAM='${SHELL} $(install_sh) -c -s'
INTLLIBS=''
LDFLAGS=''
LEX='flex'
LEXLIB='-lfl'
LEX_OUTPUT_ROOT='lex.yy'
LIBICONV='-liconv'
LIBINTL=''
LIBOBJS=''
LIBS='-lm '
LN_S='ln -s'
LTLIBICONV='-liconv'
LTLIBINTL=''
LTLIBOBJS=''
M4='/usr/bin/m4'
MAKEINFO='${SHELL} /export/home/hf_shi/uClinux-dist/user/flex-2.5.33/missing --run makeinfo'
MKINSTALLDIRS='$(top_builddir)/./mkinstalldirs'
MSGFMT='/usr/bin/msgfmt'
MSGMERGE='/usr/bin/msgmerge'
OBJEXT='o'
PACKAGE='flex'
PACKAGE_BUGREPORT='flex-help@lists.sourceforge.net'
PACKAGE_NAME='flex'
PACKAGE_STRING='flex 2.5.33'
PACKAGE_TARNAME='flex'
PACKAGE_VERSION='2.5.33'
PATH_SEPARATOR=':'
POSUB='po'
RANLIB='ranlib'
SET_MAKE=''
SHELL='/bin/sh'
STRIP=''
USE_NLS='yes'
VERSION='2.5.33'
XGETTEXT=':'
YACC='bison -y'
ac_ct_CC='gcc'
ac_ct_CXX='g++'
ac_ct_RANLIB='ranlib'
ac_ct_STRIP=''
am__fastdepCC_FALSE='#'
am__fastdepCC_TRUE=''
am__fastdepCXX_FALSE='#'
am__fastdepCXX_TRUE=''
am__include='include'
am__leading_dot='.'
am__quote=''
bindir='${exec_prefix}/bin'
build='i686-pc-linux-gnu'
build_alias=''
build_cpu='i686'
build_os='linux-gnu'
build_vendor='pc'
datadir='${prefix}/share'
exec_prefix='${prefix}'
host='i686-pc-linux-gnu'
host_alias=''
host_cpu='i686'
host_os='linux-gnu'
host_vendor='pc'
includedir='${prefix}/include'
infodir='${prefix}/info'
install_sh='/export/home/hf_shi/uClinux-dist/user/flex-2.5.33/install-sh'
libdir='${exec_prefix}/lib'
libexecdir='${exec_prefix}/libexec'
localstatedir='${prefix}/var'
mandir='${prefix}/man'
oldincludedir='/usr/include'
prefix='/usr/local'
program_transform_name='s,x,x,'
sbindir='${exec_prefix}/sbin'
sharedstatedir='${prefix}/com'
sysconfdir='${prefix}/etc'
target_alias=''

## ----------- ##
## confdefs.h. ##
## ----------- ##

#define ENABLE_NLS 1
#define HAVE_DCGETTEXT 1
#define HAVE_DECL___FUNC__ 1
#define HAVE_GETTEXT 1
#define HAVE_INTTYPES_H 1
#define HAVE_LIBINTL_H 1
#define HAVE_LIBM 1
#define HAVE_LIMITS_H 1
#define HAVE_LOCALE_H 1
#define HAVE_MEMORY_H 1
#define HAVE_NETINET_IN_H 1
#define HAVE_REGEX_H 1
#define HAVE_STDBOOL_H 1
#define HAVE_STDINT_H 1
#define HAVE_STDLIB_H 1
#define HAVE_STRINGS_H 1
#define HAVE_STRING_H 1
#define HAVE_SYS_STAT_H 1
#define HAVE_SYS_TYPES_H 1
#define HAVE_SYS_WAIT_H 1
#define HAVE_UNISTD_H 1
#define HAVE_UNISTD_H 1
#define M4 "/usr/bin/m4"
#define PACKAGE "flex"
#define PACKAGE_BUGREPORT "flex-help@lists.sourceforge.net"
#define PACKAGE_NAME "flex"
#define PACKAGE_STRING "flex 2.5.33"
#define PACKAGE_TARNAME "flex"
#define PACKAGE_VERSION "2.5.33"
#define STDC_HEADERS 1
#define VERSION "2.5.33"
#define YYTEXT_POINTER 1
#endif
#ifdef __cplusplus
#include <stdlib.h>

configure: exit 0
