This file contains any messages produced by compilers while
running configure, to aid debugging if configure makes a mistake.

It was created by gdbm configure 1.8.3, which was
generated by GNU Autoconf 2.54.  Invocation command line was

  $ ./configure --host=mips-linux --build=i686-pc-linux-gnu

## --------- ##
## Platform. ##
## --------- ##

hostname = APServer197
uname -m = i686
uname -r = 2.6.18-164.el5PAE
uname -s = Linux
uname -v = #1 SMP Thu Sep 3 04:10:44 EDT 2009

/usr/bin/uname -p = unknown
/bin/uname -X     = unknown

/bin/arch              = i686
/usr/bin/arch -k       = unknown
/usr/convex/getsysinfo = unknown
hostinfo               = unknown
/bin/machine           = unknown
/usr/bin/oslevel       = unknown
/bin/universe          = unknown

PATH: /backup_new/zhiqiang_liu/workCode/rlxlinux-v2.2/toolchain/rsdk-1.3.6-5281-EB-2.6.30-0.9.30/bin
PATH: /usr/kerberos/bin
PATH: /usr/local/bin
PATH: /bin
PATH: /usr/bin
PATH: /home/zhiqiang_liu/bin


## ----------- ##
## Core tests. ##
## ----------- ##

configure:1422: checking for mips-linux-gcc
configure:1448: result: rsdk-linux-gcc
configure:1728: checking for C compiler version
configure:1731: rsdk-linux-gcc --version </dev/null >&5
mips-linux-gcc (GCC) 3.4.6-1.3.6
Copyright (C) 2006 Free Software Foundation, Inc.
This is free software; see the source for copying conditions.  There is NO
warranty; not even for MERCHANTABILITY or FITNESS FOR A PARTICULAR PURPOSE.

configure:1734: $? = 0
configure:1736: rsdk-linux-gcc -v </dev/null >&5
Reading specs from /backup_new/zhiqiang_liu/workCode/rlxlinux-v2.2/toolchain/rsdk-1.3.6-5281-EB-2.6.30-0.9.30/bin/../lib/gcc/mips-linux/3.4.6-1.3.6/specs
Configured with: RSDK Builder release 1.3
Thread model: posix
gcc version 3.4.6-1.3.6
configure:1739: $? = 0
configure:1741: rsdk-linux-gcc -V </dev/null >&5
mips-linux-gcc: `-V' must come at the start of the command line
configure:1744: $? = 1
configure:1764: checking for C compiler default output
configure:1767: rsdk-linux-gcc -I/backup_new/zhiqiang_liu/workCode/rlxlinux-v2.2/target/tmpfs/include -I/backup_new/zhiqiang_liu/workCode/rlxlinux-v2.2/target/tmpfs/include   conftest.c  >&5
configure:1770: $? = 0
configure:1804: result: a.out
configure:1809: checking whether the C compiler works
configure:1833: result: yes
configure:1840: checking whether we are cross compiling
configure:1842: result: yes
configure:1845: checking for suffix of executables
configure:1847: rsdk-linux-gcc -o conftest -I/backup_new/zhiqiang_liu/workCode/rlxlinux-v2.2/target/tmpfs/include -I/backup_new/zhiqiang_liu/workCode/rlxlinux-v2.2/target/tmpfs/include   conftest.c  >&5
configure:1850: $? = 0
configure:1873: result: 
configure:1879: checking for suffix of object files
configure:1897: rsdk-linux-gcc -c -I/backup_new/zhiqiang_liu/workCode/rlxlinux-v2.2/target/tmpfs/include -I/backup_new/zhiqiang_liu/workCode/rlxlinux-v2.2/target/tmpfs/include  conftest.c >&5
configure:1900: $? = 0
configure:1919: result: o
configure:1923: checking whether we are using the GNU C compiler
configure:1944: rsdk-linux-gcc -c -I/backup_new/zhiqiang_liu/workCode/rlxlinux-v2.2/target/tmpfs/include -I/backup_new/zhiqiang_liu/workCode/rlxlinux-v2.2/target/tmpfs/include  conftest.c >&5
configure:1947: $? = 0
configure:1950: test -s conftest.o
configure:1953: $? = 0
configure:1965: result: yes
configure:1971: checking whether rsdk-linux-gcc accepts -g
configure:1989: rsdk-linux-gcc -c -g  conftest.c >&5
configure:1992: $? = 0
configure:1995: test -s conftest.o
configure:1998: $? = 0
configure:2008: result: yes
configure:2025: checking for rsdk-linux-gcc option to accept ANSI C
configure:2082: rsdk-linux-gcc  -c -I/backup_new/zhiqiang_liu/workCode/rlxlinux-v2.2/target/tmpfs/include -I/backup_new/zhiqiang_liu/workCode/rlxlinux-v2.2/target/tmpfs/include  conftest.c >&5
configure:2085: $? = 0
configure:2088: test -s conftest.o
configure:2091: $? = 0
configure:2108: result: none needed
configure:2126: rsdk-linux-gcc -c -I/backup_new/zhiqiang_liu/workCode/rlxlinux-v2.2/target/tmpfs/include -I/backup_new/zhiqiang_liu/workCode/rlxlinux-v2.2/target/tmpfs/include  conftest.c >&5
conftest.c:2: error: syntax error before "me"
configure:2129: $? = 1
configure: failed program was:
#ifndef __cplusplus
  choke me
#endif
configure:2232: checking how to run the C preprocessor
configure:2258: rsdk-linux-gcc -E  conftest.c
configure:2264: $? = 0
configure:2291: rsdk-linux-gcc -E  conftest.c
configure:2287:28: ac_nonexistent.h: No such file or directory
configure:2297: $? = 1
configure: failed program was:
#line 2286 "configure"
#include "confdefs.h"
#include <ac_nonexistent.h>
configure:2334: result: rsdk-linux-gcc -E
configure:2349: rsdk-linux-gcc -E  conftest.c
configure:2355: $? = 0
configure:2382: rsdk-linux-gcc -E  conftest.c
configure:2378:28: ac_nonexistent.h: No such file or directory
configure:2388: $? = 1
configure: failed program was:
#line 2377 "configure"
#include "confdefs.h"
#include <ac_nonexistent.h>
configure:2464: checking for a BSD-compatible install
configure:2518: result: /usr/bin/install -c
configure:2601: checking build system type
configure:2619: result: i686-pc-linux-gnu
configure:2627: checking host system type
configure:2641: result: mips-unknown-linux-gnu
configure:2671: checking for ld used by GCC
configure:2734: result: rsdk-linux-gcc
configure:2743: checking if the linker (rsdk-linux-gcc) is GNU ld
configure:2755: result: no
configure:2760: checking for rsdk-linux-gcc option to reload object files
configure:2767: result: -r
configure:2772: checking for BSD-compatible nm
configure:2808: result: /backup_new/zhiqiang_liu/workCode/rlxlinux-v2.2/toolchain/rsdk-1.3.6-5281-EB-2.6.30-0.9.30/bin/mips-linux-nm -B
configure:2811: checking whether ln -s works
configure:2815: result: yes
configure:2822: checking how to recognise dependant libraries
configure:3000: result: file_magic ELF [0-9][0-9]*-bit [LM]SB (shared object|dynamic lib )
configure:3013: checking command to parse /backup_new/zhiqiang_liu/workCode/rlxlinux-v2.2/toolchain/rsdk-1.3.6-5281-EB-2.6.30-0.9.30/bin/mips-linux-nm -B output
configure:3094: rsdk-linux-gcc -c -I/backup_new/zhiqiang_liu/workCode/rlxlinux-v2.2/target/tmpfs/include -I/backup_new/zhiqiang_liu/workCode/rlxlinux-v2.2/target/tmpfs/include  conftest.c >&5
configure:3097: $? = 0
configure:3101: /backup_new/zhiqiang_liu/workCode/rlxlinux-v2.2/toolchain/rsdk-1.3.6-5281-EB-2.6.30-0.9.30/bin/mips-linux-nm -B conftest.o \| sed -n -e 's/^.*[ 	]\([ABCDGISTW][ABCDGISTW]*\)[ 	][ 	]*\(\)\([_A-Za-z][_A-Za-z0-9]*\)$/\1 \2\3 \3/p' \> conftest.nm
configure:3104: $? = 0
configure:3156: rsdk-linux-gcc -o conftest -I/backup_new/zhiqiang_liu/workCode/rlxlinux-v2.2/target/tmpfs/include -I/backup_new/zhiqiang_liu/workCode/rlxlinux-v2.2/target/tmpfs/include   conftest.c conftstm.o >&5
configure:3159: $? = 0
configure:3203: result: ok
configure:3208: checking for egrep
configure:3218: result: grep -E
configure:3223: checking for ANSI C header files
configure:3237: rsdk-linux-gcc -E  conftest.c
configure:3243: $? = 0
configure:3352: result: yes
configure:3376: checking for sys/types.h
configure:3389: rsdk-linux-gcc -c -I/backup_new/zhiqiang_liu/workCode/rlxlinux-v2.2/target/tmpfs/include -I/backup_new/zhiqiang_liu/workCode/rlxlinux-v2.2/target/tmpfs/include  conftest.c >&5
configure:3392: $? = 0
configure:3395: test -s conftest.o
configure:3398: $? = 0
configure:3408: result: yes
configure:3376: checking for sys/stat.h
configure:3389: rsdk-linux-gcc -c -I/backup_new/zhiqiang_liu/workCode/rlxlinux-v2.2/target/tmpfs/include -I/backup_new/zhiqiang_liu/workCode/rlxlinux-v2.2/target/tmpfs/include  conftest.c >&5
configure:3392: $? = 0
configure:3395: test -s conftest.o
configure:3398: $? = 0
configure:3408: result: yes
configure:3376: checking for stdlib.h
configure:3389: rsdk-linux-gcc -c -I/backup_new/zhiqiang_liu/workCode/rlxlinux-v2.2/target/tmpfs/include -I/backup_new/zhiqiang_liu/workCode/rlxlinux-v2.2/target/tmpfs/include  conftest.c >&5
configure:3392: $? = 0
configure:3395: test -s conftest.o
configure:3398: $? = 0
configure:3408: result: yes
configure:3376: checking for string.h
configure:3389: rsdk-linux-gcc -c -I/backup_new/zhiqiang_liu/workCode/rlxlinux-v2.2/target/tmpfs/include -I/backup_new/zhiqiang_liu/workCode/rlxlinux-v2.2/target/tmpfs/include  conftest.c >&5
configure:3392: $? = 0
configure:3395: test -s conftest.o
configure:3398: $? = 0
configure:3408: result: yes
configure:3376: checking for memory.h
configure:3389: rsdk-linux-gcc -c -I/backup_new/zhiqiang_liu/workCode/rlxlinux-v2.2/target/tmpfs/include -I/backup_new/zhiqiang_liu/workCode/rlxlinux-v2.2/target/tmpfs/include  conftest.c >&5
configure:3392: $? = 0
configure:3395: test -s conftest.o
configure:3398: $? = 0
configure:3408: result: yes
configure:3376: checking for strings.h
configure:3389: rsdk-linux-gcc -c -I/backup_new/zhiqiang_liu/workCode/rlxlinux-v2.2/target/tmpfs/include -I/backup_new/zhiqiang_liu/workCode/rlxlinux-v2.2/target/tmpfs/include  conftest.c >&5
configure:3392: $? = 0
configure:3395: test -s conftest.o
configure:3398: $? = 0
configure:3408: result: yes
configure:3376: checking for inttypes.h
configure:3389: rsdk-linux-gcc -c -I/backup_new/zhiqiang_liu/workCode/rlxlinux-v2.2/target/tmpfs/include -I/backup_new/zhiqiang_liu/workCode/rlxlinux-v2.2/target/tmpfs/include  conftest.c >&5
configure:3392: $? = 0
configure:3395: test -s conftest.o
configure:3398: $? = 0
configure:3408: result: yes
configure:3376: checking for stdint.h
configure:3389: rsdk-linux-gcc -c -I/backup_new/zhiqiang_liu/workCode/rlxlinux-v2.2/target/tmpfs/include -I/backup_new/zhiqiang_liu/workCode/rlxlinux-v2.2/target/tmpfs/include  conftest.c >&5
configure:3392: $? = 0
configure:3395: test -s conftest.o
configure:3398: $? = 0
configure:3408: result: yes
configure:3376: checking for unistd.h
configure:3389: rsdk-linux-gcc -c -I/backup_new/zhiqiang_liu/workCode/rlxlinux-v2.2/target/tmpfs/include -I/backup_new/zhiqiang_liu/workCode/rlxlinux-v2.2/target/tmpfs/include  conftest.c >&5
configure:3392: $? = 0
configure:3395: test -s conftest.o
configure:3398: $? = 0
configure:3408: result: yes
configure:3434: checking dlfcn.h usability
configure:3443: rsdk-linux-gcc -c -I/backup_new/zhiqiang_liu/workCode/rlxlinux-v2.2/target/tmpfs/include -I/backup_new/zhiqiang_liu/workCode/rlxlinux-v2.2/target/tmpfs/include  conftest.c >&5
configure:3446: $? = 0
configure:3449: test -s conftest.o
configure:3452: $? = 0
configure:3461: result: yes
configure:3465: checking dlfcn.h presence
configure:3472: rsdk-linux-gcc -E  conftest.c
configure:3478: $? = 0
configure:3496: result: yes
configure:3514: checking for dlfcn.h
configure:3521: result: yes
configure:3542: checking for mips-linux-file
configure:3600: result: no
configure:3606: checking for file
configure:3661: result: /usr/bin/file
configure:3680: checking for mips-linux-ranlib
configure:3706: result: rsdk-linux-ranlib
configure:3760: checking for mips-linux-strip
configure:3786: result: rsdk-linux-strip
configure:4032: checking for objdir
configure:4043: result: .libs
configure:4064: checking for rsdk-linux-gcc option to produce PIC
configure:4214: result: -fPIC
configure:4218: checking if rsdk-linux-gcc PIC flag -fPIC works
configure:4238: rsdk-linux-gcc -c -I/backup_new/zhiqiang_liu/workCode/rlxlinux-v2.2/target/tmpfs/include -I/backup_new/zhiqiang_liu/workCode/rlxlinux-v2.2/target/tmpfs/include -fPIC -DPIC  conftest.c >&5
configure:4241: $? = 0
configure:4244: test -s conftest.o
configure:4247: $? = 0
configure:4284: result: yes
configure:4304: checking if rsdk-linux-gcc static flag -static works
configure:4325: rsdk-linux-gcc -o conftest -I/backup_new/zhiqiang_liu/workCode/rlxlinux-v2.2/target/tmpfs/include -I/backup_new/zhiqiang_liu/workCode/rlxlinux-v2.2/target/tmpfs/include   -static conftest.c  >&5
configure:4328: $? = 0
configure:4331: test -s conftest
configure:4334: $? = 0
configure:4349: result: yes
configure:4365: checking if rsdk-linux-gcc supports -c -o file.o
configure:4385: rsdk-linux-gcc -c -I/backup_new/zhiqiang_liu/workCode/rlxlinux-v2.2/target/tmpfs/include -I/backup_new/zhiqiang_liu/workCode/rlxlinux-v2.2/target/tmpfs/include -o out/conftest2.o  conftest.c >&5
configure:4409: result: yes
configure:4414: checking if rsdk-linux-gcc supports -c -o file.lo
configure:4438: rsdk-linux-gcc -c -I/backup_new/zhiqiang_liu/workCode/rlxlinux-v2.2/target/tmpfs/include -I/backup_new/zhiqiang_liu/workCode/rlxlinux-v2.2/target/tmpfs/include -c -o conftest.lo  conftest.c >&5
configure:4441: $? = 0
configure:4444: test -s conftest.lo
configure:4447: $? = 0
configure:4468: result: yes
configure:4507: checking if rsdk-linux-gcc supports -fno-rtti -fno-exceptions
configure:4526: rsdk-linux-gcc -c -I/backup_new/zhiqiang_liu/workCode/rlxlinux-v2.2/target/tmpfs/include -I/backup_new/zhiqiang_liu/workCode/rlxlinux-v2.2/target/tmpfs/include -fno-rtti -fno-exceptions -c conftest.c  conftest.c >&5
cc1: warning: command line option "-fno-rtti" is valid for C++/ObjC++ but not for C
cc1: warning: command line option "-fno-rtti" is valid for C++/ObjC++ but not for C
configure:4529: $? = 0
configure:4532: test -s conftest.o
configure:4535: $? = 0
configure:4551: result: yes
configure:4566: checking whether the linker (rsdk-linux-gcc) supports shared libraries
configure:5246: result: no
configure:5255: checking how to hardcode library paths into programs
configure:5279: result: unsupported
configure:5288: checking whether stripping libraries is possible
configure:5293: result: yes
configure:5308: checking dynamic linker characteristics
configure:5701: result: GNU/Linux ld.so
configure:5710: checking if libtool supports shared libraries
configure:5712: result: no
configure:5719: checking whether to build shared libraries
configure:5740: result: no
configure:5747: checking whether to build static libraries
configure:5751: result: yes
configure:6998: checking for an ANSI C-conforming const
configure:7062: rsdk-linux-gcc -c -I/backup_new/zhiqiang_liu/workCode/rlxlinux-v2.2/target/tmpfs/include -I/backup_new/zhiqiang_liu/workCode/rlxlinux-v2.2/target/tmpfs/include  conftest.c >&5
configure:7065: $? = 0
configure:7068: test -s conftest.o
configure:7071: $? = 0
configure:7081: result: yes
configure:7102: checking for stdlib.h
configure:7107: result: yes
configure:7102: checking for string.h
configure:7107: result: yes
configure:7111: checking sys/file.h usability
configure:7120: rsdk-linux-gcc -c -I/backup_new/zhiqiang_liu/workCode/rlxlinux-v2.2/target/tmpfs/include -I/backup_new/zhiqiang_liu/workCode/rlxlinux-v2.2/target/tmpfs/include  conftest.c >&5
configure:7123: $? = 0
configure:7126: test -s conftest.o
configure:7129: $? = 0
configure:7138: result: yes
configure:7142: checking sys/file.h presence
configure:7149: rsdk-linux-gcc -E  conftest.c
configure:7155: $? = 0
configure:7173: result: yes
configure:7191: checking for sys/file.h
configure:7198: result: yes
configure:7102: checking for unistd.h
configure:7107: result: yes
configure:7111: checking fcntl.h usability
configure:7120: rsdk-linux-gcc -c -I/backup_new/zhiqiang_liu/workCode/rlxlinux-v2.2/target/tmpfs/include -I/backup_new/zhiqiang_liu/workCode/rlxlinux-v2.2/target/tmpfs/include  conftest.c >&5
configure:7123: $? = 0
configure:7126: test -s conftest.o
configure:7129: $? = 0
configure:7138: result: yes
configure:7142: checking fcntl.h presence
configure:7149: rsdk-linux-gcc -E  conftest.c
configure:7155: $? = 0
configure:7173: result: yes
configure:7191: checking for fcntl.h
configure:7198: result: yes
configure:7102: checking for sys/types.h
configure:7107: result: yes
configure:7111: checking memory.y usability
configure:7120: rsdk-linux-gcc -c -I/backup_new/zhiqiang_liu/workCode/rlxlinux-v2.2/target/tmpfs/include -I/backup_new/zhiqiang_liu/workCode/rlxlinux-v2.2/target/tmpfs/include  conftest.c >&5
configure:7148:20: memory.y: No such file or directory
configure:7123: $? = 1
configure: failed program was:
#line 7113 "configure"
#include "confdefs.h"
#include <stdio.h>
#if HAVE_SYS_TYPES_H
# include <sys/types.h>
#endif
#if HAVE_SYS_STAT_H
# include <sys/stat.h>
#endif
#if STDC_HEADERS
# include <stdlib.h>
# include <stddef.h>
#else
# if HAVE_STDLIB_H
#  include <stdlib.h>
# endif
#endif
#if HAVE_STRING_H
# if !STDC_HEADERS && HAVE_MEMORY_H
#  include <memory.h>
# endif
# include <string.h>
#endif
#if HAVE_STRINGS_H
# include <strings.h>
#endif
#if HAVE_INTTYPES_H
# include <inttypes.h>
#else
# if HAVE_STDINT_H
#  include <stdint.h>
# endif
#endif
#if HAVE_UNISTD_H
# include <unistd.h>
#endif
#include <memory.y>
configure:7138: result: no
configure:7142: checking memory.y presence
configure:7149: rsdk-linux-gcc -E  conftest.c
configure:7145:20: memory.y: No such file or directory
configure:7155: $? = 1
configure: failed program was:
#line 7144 "configure"
#include "confdefs.h"
#include <memory.y>
configure:7173: result: no
configure:7191: checking for memory.y
configure:7198: result: no
configure:7212: checking for main in -ldbm
configure:7233: rsdk-linux-gcc -o conftest -I/backup_new/zhiqiang_liu/workCode/rlxlinux-v2.2/target/tmpfs/include -I/backup_new/zhiqiang_liu/workCode/rlxlinux-v2.2/target/tmpfs/include   conftest.c -ldbm   >&5
/backup_new/zhiqiang_liu/workCode/rlxlinux-v2.2/toolchain/rsdk-1.3.6-5281-EB-2.6.30-0.9.30/bin/../lib/gcc/mips-linux/3.4.6-1.3.6/../../../../mips-linux/bin/ld: cannot find -ldbm
collect2: ld returned 1 exit status
configure:7236: $? = 1
configure: failed program was:
#line 7219 "configure"
#include "confdefs.h"


int
main ()
{
main ();
  ;
  return 0;
}
configure:7253: result: no
configure:7265: checking for main in -lndbm
configure:7286: rsdk-linux-gcc -o conftest -I/backup_new/zhiqiang_liu/workCode/rlxlinux-v2.2/target/tmpfs/include -I/backup_new/zhiqiang_liu/workCode/rlxlinux-v2.2/target/tmpfs/include   conftest.c -lndbm   >&5
/backup_new/zhiqiang_liu/workCode/rlxlinux-v2.2/toolchain/rsdk-1.3.6-5281-EB-2.6.30-0.9.30/bin/../lib/gcc/mips-linux/3.4.6-1.3.6/../../../../mips-linux/bin/ld: cannot find -lndbm
collect2: ld returned 1 exit status
configure:7289: $? = 1
configure: failed program was:
#line 7272 "configure"
#include "confdefs.h"


int
main ()
{
main ();
  ;
  return 0;
}
configure:7306: result: no
configure:7325: checking for rename
configure:7362: rsdk-linux-gcc -o conftest -I/backup_new/zhiqiang_liu/workCode/rlxlinux-v2.2/target/tmpfs/include -I/backup_new/zhiqiang_liu/workCode/rlxlinux-v2.2/target/tmpfs/include   conftest.c  >&5
configure:7365: $? = 0
configure:7368: test -s conftest
configure:7371: $? = 0
configure:7381: result: yes
configure:7325: checking for ftruncate
configure:7362: rsdk-linux-gcc -o conftest -I/backup_new/zhiqiang_liu/workCode/rlxlinux-v2.2/target/tmpfs/include -I/backup_new/zhiqiang_liu/workCode/rlxlinux-v2.2/target/tmpfs/include   conftest.c  >&5
configure:7365: $? = 0
configure:7368: test -s conftest
configure:7371: $? = 0
configure:7381: result: yes
configure:7325: checking for flock
configure:7362: rsdk-linux-gcc -o conftest -I/backup_new/zhiqiang_liu/workCode/rlxlinux-v2.2/target/tmpfs/include -I/backup_new/zhiqiang_liu/workCode/rlxlinux-v2.2/target/tmpfs/include   conftest.c  >&5
configure:7365: $? = 0
configure:7368: test -s conftest
configure:7371: $? = 0
configure:7381: result: yes
configure:7325: checking for bcopy
configure:7362: rsdk-linux-gcc -o conftest -I/backup_new/zhiqiang_liu/workCode/rlxlinux-v2.2/target/tmpfs/include -I/backup_new/zhiqiang_liu/workCode/rlxlinux-v2.2/target/tmpfs/include   conftest.c  >&5
configure:7340: warning: conflicting types for built-in function 'bcopy'
configure:7365: $? = 0
configure:7368: test -s conftest
configure:7371: $? = 0
configure:7381: result: yes
configure:7325: checking for fsync
configure:7362: rsdk-linux-gcc -o conftest -I/backup_new/zhiqiang_liu/workCode/rlxlinux-v2.2/target/tmpfs/include -I/backup_new/zhiqiang_liu/workCode/rlxlinux-v2.2/target/tmpfs/include   conftest.c  >&5
configure:7365: $? = 0
configure:7368: test -s conftest
configure:7371: $? = 0
configure:7381: result: yes
configure:7395: checking for getopt
configure:7432: rsdk-linux-gcc -o conftest -I/backup_new/zhiqiang_liu/workCode/rlxlinux-v2.2/target/tmpfs/include -I/backup_new/zhiqiang_liu/workCode/rlxlinux-v2.2/target/tmpfs/include   conftest.c  >&5
configure:7435: $? = 0
configure:7438: test -s conftest
configure:7441: $? = 0
configure:7451: result: yes
configure:7464: checking for off_t
configure:7485: rsdk-linux-gcc -c -I/backup_new/zhiqiang_liu/workCode/rlxlinux-v2.2/target/tmpfs/include -I/backup_new/zhiqiang_liu/workCode/rlxlinux-v2.2/target/tmpfs/include  conftest.c >&5
configure:7488: $? = 0
configure:7491: test -s conftest.o
configure:7494: $? = 0
configure:7504: result: yes
configure:7516: checking for struct stat.st_blksize
configure:7536: rsdk-linux-gcc -c -I/backup_new/zhiqiang_liu/workCode/rlxlinux-v2.2/target/tmpfs/include -I/backup_new/zhiqiang_liu/workCode/rlxlinux-v2.2/target/tmpfs/include  conftest.c >&5
configure:7539: $? = 0
configure:7542: test -s conftest.o
configure:7545: $? = 0
configure:7587: result: yes
configure:7695: creating ./config.status

## ---------------------- ##
## Running config.status. ##
## ---------------------- ##

This file was extended by gdbm config.status 1.8.3, which was
generated by GNU Autoconf 2.54.  Invocation command line was

  CONFIG_FILES    = 
  CONFIG_HEADERS  = 
  CONFIG_LINKS    = 
  CONFIG_COMMANDS = 
  $ ./config.status 

on APServer197

config.status:607: creating Makefile
config.status:711: creating autoconf.h
config.status:840: autoconf.h is unchanged

## ---------------- ##
## Cache variables. ##
## ---------------- ##

ac_cv_build=i686-pc-linux-gnu
ac_cv_build_alias=i686-pc-linux-gnu
ac_cv_c_compiler_gnu=yes
ac_cv_c_const=yes
ac_cv_env_CC_set=set
ac_cv_env_CC_value=rsdk-linux-gcc
ac_cv_env_CFLAGS_set=set
ac_cv_env_CFLAGS_value='-I/backup_new/zhiqiang_liu/workCode/rlxlinux-v2.2/target/tmpfs/include -I/backup_new/zhiqiang_liu/workCode/rlxlinux-v2.2/target/tmpfs/include'
ac_cv_env_CPPFLAGS_set=
ac_cv_env_CPPFLAGS_value=
ac_cv_env_CPP_set=
ac_cv_env_CPP_value=
ac_cv_env_LDFLAGS_set=
ac_cv_env_LDFLAGS_value=
ac_cv_env_build_alias_set=set
ac_cv_env_build_alias_value=i686-pc-linux-gnu
ac_cv_env_host_alias_set=set
ac_cv_env_host_alias_value=mips-linux
ac_cv_env_target_alias_set=
ac_cv_env_target_alias_value=
ac_cv_exeext=
ac_cv_func_bcopy=yes
ac_cv_func_flock=yes
ac_cv_func_fsync=yes
ac_cv_func_ftruncate=yes
ac_cv_func_getopt=yes
ac_cv_func_rename=yes
ac_cv_header_dlfcn_h=yes
ac_cv_header_fcntl_h=yes
ac_cv_header_inttypes_h=yes
ac_cv_header_memory_h=yes
ac_cv_header_memory_y=no
ac_cv_header_stdc=yes
ac_cv_header_stdint_h=yes
ac_cv_header_stdlib_h=yes
ac_cv_header_string_h=yes
ac_cv_header_strings_h=yes
ac_cv_header_sys_file_h=yes
ac_cv_header_sys_stat_h=yes
ac_cv_header_sys_types_h=yes
ac_cv_header_unistd_h=yes
ac_cv_host=mips-unknown-linux-gnu
ac_cv_host_alias=mips-linux
ac_cv_lib_dbm_main=no
ac_cv_lib_ndbm_main=no
ac_cv_member_struct_stat_st_blksize=yes
ac_cv_objext=o
ac_cv_path_install='/usr/bin/install -c'
ac_cv_prog_CC=rsdk-linux-gcc
ac_cv_prog_CPP='rsdk-linux-gcc -E'
ac_cv_prog_RANLIB=rsdk-linux-ranlib
ac_cv_prog_STRIP=rsdk-linux-strip
ac_cv_prog_cc_g=yes
ac_cv_prog_cc_stdc=
ac_cv_prog_egrep='grep -E'
ac_cv_type_off_t=yes
lt_cv_compiler_c_o=yes
lt_cv_compiler_o_lo=yes
lt_cv_deplibs_check_method='file_magic ELF [0-9][0-9]*-bit [LM]SB (shared object|dynamic lib )'
lt_cv_file_magic_cmd='$MAGIC_CMD'
lt_cv_file_magic_test_file='/lib/libc.so.6 /lib/libc-2.5.so'
lt_cv_global_symbol_to_c_name_address='sed -n -e '\''s/^: \([^ ]*\) $/  {\"\1\", (lt_ptr) 0},/p'\'' -e '\''s/^[BCDEGRST] \([^ ]*\) \([^ ]*\)$/  {"\2", (lt_ptr) \&\2},/p'\'''
lt_cv_global_symbol_to_cdecl='sed -n -e '\''s/^. .* \(.*\)$/extern char \1;/p'\'''
lt_cv_ld_reload_flag=-r
lt_cv_path_LD=rsdk-linux-gcc
lt_cv_path_MAGIC_CMD=/usr/bin/file
lt_cv_path_NM='/backup_new/zhiqiang_liu/workCode/rlxlinux-v2.2/toolchain/rsdk-1.3.6-5281-EB-2.6.30-0.9.30/bin/mips-linux-nm -B'
lt_cv_prog_cc_can_build_shared=yes
lt_cv_prog_cc_no_builtin=
lt_cv_prog_cc_pic=' -fPIC'
lt_cv_prog_cc_pic_works=yes
lt_cv_prog_cc_shlib=
lt_cv_prog_cc_static=-static
lt_cv_prog_cc_static_works=yes
lt_cv_prog_cc_wl=-Wl,
lt_cv_prog_gnu_ld=no
lt_cv_sys_global_symbol_pipe='sed -n -e '\''s/^.*[ 	]\([ABCDGISTW][ABCDGISTW]*\)[ 	][ 	]*\(\)\([_A-Za-z][_A-Za-z0-9]*\)$/\1 \2\3 \3/p'\'''

## ----------------- ##
## Output variables. ##
## ----------------- ##

CC='rsdk-linux-gcc'
CFLAGS='-I/backup_new/zhiqiang_liu/workCode/rlxlinux-v2.2/target/tmpfs/include -I/backup_new/zhiqiang_liu/workCode/rlxlinux-v2.2/target/tmpfs/include'
CPP='rsdk-linux-gcc -E'
CPPFLAGS=''
DEFS='-DHAVE_CONFIG_H'
ECHO='echo'
ECHO_C=''
ECHO_N='-n'
ECHO_T=''
EGREP='grep -E'
EXEEXT=''
INSTALL_DATA='${INSTALL} -m 644'
INSTALL_PROGRAM='${INSTALL}'
INSTALL_SCRIPT='${INSTALL}'
LDFLAGS=''
LIBOBJS=''
LIBS=''
LIBTOOL='$(SHELL) $(top_builddir)/libtool'
LN_S='ln -s'
LTLIBOBJS=''
OBJEXT='o'
PACKAGE_BUGREPORT=''
PACKAGE_NAME='gdbm'
PACKAGE_STRING='gdbm 1.8.3'
PACKAGE_TARNAME='gdbm'
PACKAGE_VERSION='1.8.3'
PATH_SEPARATOR=':'
RANLIB='rsdk-linux-ranlib'
SHELL='/bin/sh'
STRIP='rsdk-linux-strip'
ac_ct_CC=''
ac_ct_RANLIB=''
ac_ct_STRIP=''
bindir='${exec_prefix}/bin'
build='i686-pc-linux-gnu'
build_alias='i686-pc-linux-gnu'
build_cpu='i686'
build_os='linux-gnu'
build_vendor='pc'
datadir='${prefix}/share'
exec_prefix='${prefix}'
host='mips-unknown-linux-gnu'
host_alias='mips-linux'
host_cpu='mips'
host_os='linux-gnu'
host_vendor='unknown'
includedir='${prefix}/include'
infodir='${prefix}/info'
libdir='${exec_prefix}/lib'
libexecdir='${exec_prefix}/libexec'
localstatedir='${prefix}/var'
mandir='${prefix}/man'
oldincludedir='/usr/include'
prefix='/usr/local'
program_transform_name='s,x,x,'
sbindir='${exec_prefix}/sbin'
sharedstatedir='${prefix}/com'
sysconfdir='${prefix}/etc'
target_alias=''

## ----------- ##
## confdefs.h. ##
## ----------- ##

#define HAVE_BCOPY 1
#define HAVE_DLFCN_H 1
#define HAVE_FCNTL_H 1
#define HAVE_FLOCK 1
#define HAVE_FSYNC 1
#define HAVE_FTRUNCATE 1
#define HAVE_GETOPT 1
#define HAVE_INTTYPES_H 1
#define HAVE_MEMORY_H 1
#define HAVE_RENAME 1
#define HAVE_STDINT_H 1
#define HAVE_STDLIB_H 1
#define HAVE_STDLIB_H 1
#define HAVE_STRINGS_H 1
#define HAVE_STRING_H 1
#define HAVE_STRING_H 1
#define HAVE_STRUCT_STAT_ST_BLKSIZE 1
#define HAVE_SYS_FILE_H 1
#define HAVE_SYS_STAT_H 1
#define HAVE_SYS_TYPES_H 1
#define HAVE_SYS_TYPES_H 1
#define HAVE_UNISTD_H 1
#define HAVE_UNISTD_H 1
#define PACKAGE_BUGREPORT ""
#define PACKAGE_NAME "gdbm"
#define PACKAGE_STRING "gdbm 1.8.3"
#define PACKAGE_TARNAME "gdbm"
#define PACKAGE_VERSION "1.8.3"
#define STDC_HEADERS 1

configure: exit 0
