This file contains any messages produced by compilers while
running configure, to aid debugging if configure makes a mistake.

It was created by libnl configure 1.1, which was
generated by GNU Autoconf 2.61.  Invocation command line was

  $ ./configure --prefix=/HOME_OLD/home/bert/tmp/rlxlinux-v2.2/romfs --host=rsdk-linux --includedir=/HOME_OLD/home/bert/tmp/rlxlinux-v2.2/linux-2.6.30/include

## --------- ##
## Platform. ##
## --------- ##

hostname = BuildCodeServer.realtek.com
uname -m = i686
uname -r = 2.6.21-1.3194.fc7
uname -s = Linux
uname -v = #1 SMP Wed May 23 22:35:01 EDT 2007

/usr/bin/uname -p = unknown
/bin/uname -X     = unknown

/bin/arch              = i686
/usr/bin/arch -k       = unknown
/usr/convex/getsysinfo = unknown
/usr/bin/hostinfo      = unknown
/bin/machine           = unknown
/usr/bin/oslevel       = unknown
/bin/universe          = unknown

PATH: /HOME_OLD/home/bert/tmp/rlxlinux-v2.2/toolchain/rsdk-1.3.6-5181-EB-2.6.30-0.9.30/bin
PATH: /toolchain/rsdk/linux
PATH: /usr/kerberos/bin
PATH: /usr/lib/ccache
PATH: /usr/local/bin
PATH: /bin
PATH: /usr/bin
PATH: /home/bert/bin


## ----------- ##
## Core tests. ##
## ----------- ##

configure:1667: checking for rsdk-linux-gcc
configure:1694: result: rsdk-linux-gcc
configure:1972: checking for C compiler version
configure:1979: rsdk-linux-gcc --version >&5
mips-linux-gcc (GCC) 3.4.6-1.3.6
Copyright (C) 2006 Free Software Foundation, Inc.
This is free software; see the source for copying conditions.  There is NO
warranty; not even for MERCHANTABILITY or FITNESS FOR A PARTICULAR PURPOSE.

configure:1982: $? = 0
configure:1989: rsdk-linux-gcc -v >&5
Reading specs from /HOME_OLD/home/bert/tmp/rlxlinux-v2.2/toolchain/rsdk-1.3.6-5181-EB-2.6.30-0.9.30/bin/../lib/gcc/mips-linux/3.4.6-1.3.6/specs
Configured with: RSDK Builder release 1.3
Thread model: posix
gcc version 3.4.6-1.3.6
configure:1992: $? = 0
configure:1999: rsdk-linux-gcc -V >&5
mips-linux-gcc: `-V' must come at the start of the command line
configure:2002: $? = 1
configure:2025: checking for C compiler default output file name
configure:2052: rsdk-linux-gcc -g -I./include -I../include -I.  -D_GNU_SOURCE -g -I./include -I../include -I.  -D_GNU_SOURCE -g -I./include -I../include -I.  -D_GNU_SOURCE -g -I./include -I../include -I.  -D_GNU_SOURCE -g -I./include -I../include -I.  -D_GNU_SOURCE -g -I./include -I../include -I.  -D_GNU_SOURCE -g -I./include -I../include -I.  -D_GNU_SOURCE -g -I./include -I../include -I.  -D_GNU_SOURCE -g -I./include -I../include -I.  -D_GNU_SOURCE -g -I./include -I../include -I.  -D_GNU_SOURCE -g -I./include -I../include -I.  -D_GNU_SOURCE -g -I./include -I../include -I.  -D_GNU_SOURCE -g -I./include -I../include -I.  -D_GNU_SOURCE -g -I./include -I../include -I.  -D_GNU_SOURCE -g -I./include -I../include -I.  -D_GNU_SOURCE -g -I./include -I../include -I.  -D_GNU_SOURCE -g -I./include -I../include -I.  -D_GNU_SOURCE -g -I./include -I../include -I.  -D_GNU_SOURCE -g -I./include -I../include -I.  -D_GNU_SOURCE -g -I./include -I../include -I.  -D_GNU_SOURCE -g -I./include -I../include -I.  -D_GNU_SOURCE -g -I./include -I../include -I.  -D_GNU_SOURCE -g -I./include -I../include -I.  -D_GNU_SOURCE -g -I./include -I../include -I.  -D_GNU_SOURCE -g -I./include -I../include -I.  -D_GNU_SOURCE -g -I./include -I../include -I.  -D_GNU_SOURCE -g -I./include -I../include -I.  -D_GNU_SOURCE -g -I./include -I../include -I.  -D_GNU_SOURCE -g -I./include -I../include -I.  -D_GNU_SOURCE -g -I./include -I../include -I.  -D_GNU_SOURCE -g -I./include -I../include -I.  -D_GNU_SOURCE -g -I./include -I../include -I.  -D_GNU_SOURCE -g -I./include -I../include -I.  -D_GNU_SOURCE -g -I./include -I../include -I.  -D_GNU_SOURCE -g -I./include -I../include -I.  -D_GNU_SOURCE -g -I./include -I../include -I.  -D_GNU_SOURCE   conftest.c  >&5
configure:2055: $? = 0
configure:2093: result: a.out
configure:2110: checking whether the C compiler works
configure:2140: result: yes
configure:2147: checking whether we are cross compiling
configure:2149: result: yes
configure:2152: checking for suffix of executables
configure:2159: rsdk-linux-gcc -o conftest -g -I./include -I../include -I.  -D_GNU_SOURCE -g -I./include -I../include -I.  -D_GNU_SOURCE -g -I./include -I../include -I.  -D_GNU_SOURCE -g -I./include -I../include -I.  -D_GNU_SOURCE -g -I./include -I../include -I.  -D_GNU_SOURCE -g -I./include -I../include -I.  -D_GNU_SOURCE -g -I./include -I../include -I.  -D_GNU_SOURCE -g -I./include -I../include -I.  -D_GNU_SOURCE -g -I./include -I../include -I.  -D_GNU_SOURCE -g -I./include -I../include -I.  -D_GNU_SOURCE -g -I./include -I../include -I.  -D_GNU_SOURCE -g -I./include -I../include -I.  -D_GNU_SOURCE -g -I./include -I../include -I.  -D_GNU_SOURCE -g -I./include -I../include -I.  -D_GNU_SOURCE -g -I./include -I../include -I.  -D_GNU_SOURCE -g -I./include -I../include -I.  -D_GNU_SOURCE -g -I./include -I../include -I.  -D_GNU_SOURCE -g -I./include -I../include -I.  -D_GNU_SOURCE -g -I./include -I../include -I.  -D_GNU_SOURCE -g -I./include -I../include -I.  -D_GNU_SOURCE -g -I./include -I../include -I.  -D_GNU_SOURCE -g -I./include -I../include -I.  -D_GNU_SOURCE -g -I./include -I../include -I.  -D_GNU_SOURCE -g -I./include -I../include -I.  -D_GNU_SOURCE -g -I./include -I../include -I.  -D_GNU_SOURCE -g -I./include -I../include -I.  -D_GNU_SOURCE -g -I./include -I../include -I.  -D_GNU_SOURCE -g -I./include -I../include -I.  -D_GNU_SOURCE -g -I./include -I../include -I.  -D_GNU_SOURCE -g -I./include -I../include -I.  -D_GNU_SOURCE -g -I./include -I../include -I.  -D_GNU_SOURCE -g -I./include -I../include -I.  -D_GNU_SOURCE -g -I./include -I../include -I.  -D_GNU_SOURCE -g -I./include -I../include -I.  -D_GNU_SOURCE -g -I./include -I../include -I.  -D_GNU_SOURCE -g -I./include -I../include -I.  -D_GNU_SOURCE   conftest.c  >&5
configure:2162: $? = 0
configure:2186: result: 
configure:2192: checking for suffix of object files
configure:2218: rsdk-linux-gcc -c -g -I./include -I../include -I.  -D_GNU_SOURCE -g -I./include -I../include -I.  -D_GNU_SOURCE -g -I./include -I../include -I.  -D_GNU_SOURCE -g -I./include -I../include -I.  -D_GNU_SOURCE -g -I./include -I../include -I.  -D_GNU_SOURCE -g -I./include -I../include -I.  -D_GNU_SOURCE -g -I./include -I../include -I.  -D_GNU_SOURCE -g -I./include -I../include -I.  -D_GNU_SOURCE -g -I./include -I../include -I.  -D_GNU_SOURCE -g -I./include -I../include -I.  -D_GNU_SOURCE -g -I./include -I../include -I.  -D_GNU_SOURCE -g -I./include -I../include -I.  -D_GNU_SOURCE -g -I./include -I../include -I.  -D_GNU_SOURCE -g -I./include -I../include -I.  -D_GNU_SOURCE -g -I./include -I../include -I.  -D_GNU_SOURCE -g -I./include -I../include -I.  -D_GNU_SOURCE -g -I./include -I../include -I.  -D_GNU_SOURCE -g -I./include -I../include -I.  -D_GNU_SOURCE -g -I./include -I../include -I.  -D_GNU_SOURCE -g -I./include -I../include -I.  -D_GNU_SOURCE -g -I./include -I../include -I.  -D_GNU_SOURCE -g -I./include -I../include -I.  -D_GNU_SOURCE -g -I./include -I../include -I.  -D_GNU_SOURCE -g -I./include -I../include -I.  -D_GNU_SOURCE -g -I./include -I../include -I.  -D_GNU_SOURCE -g -I./include -I../include -I.  -D_GNU_SOURCE -g -I./include -I../include -I.  -D_GNU_SOURCE -g -I./include -I../include -I.  -D_GNU_SOURCE -g -I./include -I../include -I.  -D_GNU_SOURCE -g -I./include -I../include -I.  -D_GNU_SOURCE -g -I./include -I../include -I.  -D_GNU_SOURCE -g -I./include -I../include -I.  -D_GNU_SOURCE -g -I./include -I../include -I.  -D_GNU_SOURCE -g -I./include -I../include -I.  -D_GNU_SOURCE -g -I./include -I../include -I.  -D_GNU_SOURCE -g -I./include -I../include -I.  -D_GNU_SOURCE  conftest.c >&5
configure:2221: $? = 0
configure:2244: result: o
configure:2248: checking whether we are using the GNU C compiler
configure:2277: rsdk-linux-gcc -c -g -I./include -I../include -I.  -D_GNU_SOURCE -g -I./include -I../include -I.  -D_GNU_SOURCE -g -I./include -I../include -I.  -D_GNU_SOURCE -g -I./include -I../include -I.  -D_GNU_SOURCE -g -I./include -I../include -I.  -D_GNU_SOURCE -g -I./include -I../include -I.  -D_GNU_SOURCE -g -I./include -I../include -I.  -D_GNU_SOURCE -g -I./include -I../include -I.  -D_GNU_SOURCE -g -I./include -I../include -I.  -D_GNU_SOURCE -g -I./include -I../include -I.  -D_GNU_SOURCE -g -I./include -I../include -I.  -D_GNU_SOURCE -g -I./include -I../include -I.  -D_GNU_SOURCE -g -I./include -I../include -I.  -D_GNU_SOURCE -g -I./include -I../include -I.  -D_GNU_SOURCE -g -I./include -I../include -I.  -D_GNU_SOURCE -g -I./include -I../include -I.  -D_GNU_SOURCE -g -I./include -I../include -I.  -D_GNU_SOURCE -g -I./include -I../include -I.  -D_GNU_SOURCE -g -I./include -I../include -I.  -D_GNU_SOURCE -g -I./include -I../include -I.  -D_GNU_SOURCE -g -I./include -I../include -I.  -D_GNU_SOURCE -g -I./include -I../include -I.  -D_GNU_SOURCE -g -I./include -I../include -I.  -D_GNU_SOURCE -g -I./include -I../include -I.  -D_GNU_SOURCE -g -I./include -I../include -I.  -D_GNU_SOURCE -g -I./include -I../include -I.  -D_GNU_SOURCE -g -I./include -I../include -I.  -D_GNU_SOURCE -g -I./include -I../include -I.  -D_GNU_SOURCE -g -I./include -I../include -I.  -D_GNU_SOURCE -g -I./include -I../include -I.  -D_GNU_SOURCE -g -I./include -I../include -I.  -D_GNU_SOURCE -g -I./include -I../include -I.  -D_GNU_SOURCE -g -I./include -I../include -I.  -D_GNU_SOURCE -g -I./include -I../include -I.  -D_GNU_SOURCE -g -I./include -I../include -I.  -D_GNU_SOURCE -g -I./include -I../include -I.  -D_GNU_SOURCE  conftest.c >&5
configure:2283: $? = 0
configure:2300: result: yes
configure:2305: checking whether rsdk-linux-gcc accepts -g
configure:2335: rsdk-linux-gcc -c -g  conftest.c >&5
configure:2341: $? = 0
configure:2440: result: yes
configure:2457: checking for rsdk-linux-gcc option to accept ISO C89
configure:2531: rsdk-linux-gcc  -c -g -I./include -I../include -I.  -D_GNU_SOURCE -g -I./include -I../include -I.  -D_GNU_SOURCE -g -I./include -I../include -I.  -D_GNU_SOURCE -g -I./include -I../include -I.  -D_GNU_SOURCE -g -I./include -I../include -I.  -D_GNU_SOURCE -g -I./include -I../include -I.  -D_GNU_SOURCE -g -I./include -I../include -I.  -D_GNU_SOURCE -g -I./include -I../include -I.  -D_GNU_SOURCE -g -I./include -I../include -I.  -D_GNU_SOURCE -g -I./include -I../include -I.  -D_GNU_SOURCE -g -I./include -I../include -I.  -D_GNU_SOURCE -g -I./include -I../include -I.  -D_GNU_SOURCE -g -I./include -I../include -I.  -D_GNU_SOURCE -g -I./include -I../include -I.  -D_GNU_SOURCE -g -I./include -I../include -I.  -D_GNU_SOURCE -g -I./include -I../include -I.  -D_GNU_SOURCE -g -I./include -I../include -I.  -D_GNU_SOURCE -g -I./include -I../include -I.  -D_GNU_SOURCE -g -I./include -I../include -I.  -D_GNU_SOURCE -g -I./include -I../include -I.  -D_GNU_SOURCE -g -I./include -I../include -I.  -D_GNU_SOURCE -g -I./include -I../include -I.  -D_GNU_SOURCE -g -I./include -I../include -I.  -D_GNU_SOURCE -g -I./include -I../include -I.  -D_GNU_SOURCE -g -I./include -I../include -I.  -D_GNU_SOURCE -g -I./include -I../include -I.  -D_GNU_SOURCE -g -I./include -I../include -I.  -D_GNU_SOURCE -g -I./include -I../include -I.  -D_GNU_SOURCE -g -I./include -I../include -I.  -D_GNU_SOURCE -g -I./include -I../include -I.  -D_GNU_SOURCE -g -I./include -I../include -I.  -D_GNU_SOURCE -g -I./include -I../include -I.  -D_GNU_SOURCE -g -I./include -I../include -I.  -D_GNU_SOURCE -g -I./include -I../include -I.  -D_GNU_SOURCE -g -I./include -I../include -I.  -D_GNU_SOURCE -g -I./include -I../include -I.  -D_GNU_SOURCE  conftest.c >&5
configure:2537: $? = 0
configure:2560: result: none needed
configure:2622: checking for a BSD-compatible install
configure:2678: result: /usr/bin/install -c
configure:2691: checking for an ANSI C-conforming const
configure:2766: rsdk-linux-gcc -c -g -I./include -I../include -I.  -D_GNU_SOURCE -g -I./include -I../include -I.  -D_GNU_SOURCE -g -I./include -I../include -I.  -D_GNU_SOURCE -g -I./include -I../include -I.  -D_GNU_SOURCE -g -I./include -I../include -I.  -D_GNU_SOURCE -g -I./include -I../include -I.  -D_GNU_SOURCE -g -I./include -I../include -I.  -D_GNU_SOURCE -g -I./include -I../include -I.  -D_GNU_SOURCE -g -I./include -I../include -I.  -D_GNU_SOURCE -g -I./include -I../include -I.  -D_GNU_SOURCE -g -I./include -I../include -I.  -D_GNU_SOURCE -g -I./include -I../include -I.  -D_GNU_SOURCE -g -I./include -I../include -I.  -D_GNU_SOURCE -g -I./include -I../include -I.  -D_GNU_SOURCE -g -I./include -I../include -I.  -D_GNU_SOURCE -g -I./include -I../include -I.  -D_GNU_SOURCE -g -I./include -I../include -I.  -D_GNU_SOURCE -g -I./include -I../include -I.  -D_GNU_SOURCE -g -I./include -I../include -I.  -D_GNU_SOURCE -g -I./include -I../include -I.  -D_GNU_SOURCE -g -I./include -I../include -I.  -D_GNU_SOURCE -g -I./include -I../include -I.  -D_GNU_SOURCE -g -I./include -I../include -I.  -D_GNU_SOURCE -g -I./include -I../include -I.  -D_GNU_SOURCE -g -I./include -I../include -I.  -D_GNU_SOURCE -g -I./include -I../include -I.  -D_GNU_SOURCE -g -I./include -I../include -I.  -D_GNU_SOURCE -g -I./include -I../include -I.  -D_GNU_SOURCE -g -I./include -I../include -I.  -D_GNU_SOURCE -g -I./include -I../include -I.  -D_GNU_SOURCE -g -I./include -I../include -I.  -D_GNU_SOURCE -g -I./include -I../include -I.  -D_GNU_SOURCE -g -I./include -I../include -I.  -D_GNU_SOURCE -g -I./include -I../include -I.  -D_GNU_SOURCE -g -I./include -I../include -I.  -D_GNU_SOURCE -g -I./include -I../include -I.  -D_GNU_SOURCE  conftest.c >&5
configure:2772: $? = 0
configure:2787: result: yes
configure:2797: checking for inline
configure:2823: rsdk-linux-gcc -c -g -I./include -I../include -I.  -D_GNU_SOURCE -g -I./include -I../include -I.  -D_GNU_SOURCE -g -I./include -I../include -I.  -D_GNU_SOURCE -g -I./include -I../include -I.  -D_GNU_SOURCE -g -I./include -I../include -I.  -D_GNU_SOURCE -g -I./include -I../include -I.  -D_GNU_SOURCE -g -I./include -I../include -I.  -D_GNU_SOURCE -g -I./include -I../include -I.  -D_GNU_SOURCE -g -I./include -I../include -I.  -D_GNU_SOURCE -g -I./include -I../include -I.  -D_GNU_SOURCE -g -I./include -I../include -I.  -D_GNU_SOURCE -g -I./include -I../include -I.  -D_GNU_SOURCE -g -I./include -I../include -I.  -D_GNU_SOURCE -g -I./include -I../include -I.  -D_GNU_SOURCE -g -I./include -I../include -I.  -D_GNU_SOURCE -g -I./include -I../include -I.  -D_GNU_SOURCE -g -I./include -I../include -I.  -D_GNU_SOURCE -g -I./include -I../include -I.  -D_GNU_SOURCE -g -I./include -I../include -I.  -D_GNU_SOURCE -g -I./include -I../include -I.  -D_GNU_SOURCE -g -I./include -I../include -I.  -D_GNU_SOURCE -g -I./include -I../include -I.  -D_GNU_SOURCE -g -I./include -I../include -I.  -D_GNU_SOURCE -g -I./include -I../include -I.  -D_GNU_SOURCE -g -I./include -I../include -I.  -D_GNU_SOURCE -g -I./include -I../include -I.  -D_GNU_SOURCE -g -I./include -I../include -I.  -D_GNU_SOURCE -g -I./include -I../include -I.  -D_GNU_SOURCE -g -I./include -I../include -I.  -D_GNU_SOURCE -g -I./include -I../include -I.  -D_GNU_SOURCE -g -I./include -I../include -I.  -D_GNU_SOURCE -g -I./include -I../include -I.  -D_GNU_SOURCE -g -I./include -I../include -I.  -D_GNU_SOURCE -g -I./include -I../include -I.  -D_GNU_SOURCE -g -I./include -I../include -I.  -D_GNU_SOURCE -g -I./include -I../include -I.  -D_GNU_SOURCE  conftest.c >&5
configure:2829: $? = 0
configure:2847: result: inline
configure:2873: checking for pow in -lm
configure:2908: rsdk-linux-gcc -o conftest -g -I./include -I../include -I.  -D_GNU_SOURCE -g -I./include -I../include -I.  -D_GNU_SOURCE -g -I./include -I../include -I.  -D_GNU_SOURCE -g -I./include -I../include -I.  -D_GNU_SOURCE -g -I./include -I../include -I.  -D_GNU_SOURCE -g -I./include -I../include -I.  -D_GNU_SOURCE -g -I./include -I../include -I.  -D_GNU_SOURCE -g -I./include -I../include -I.  -D_GNU_SOURCE -g -I./include -I../include -I.  -D_GNU_SOURCE -g -I./include -I../include -I.  -D_GNU_SOURCE -g -I./include -I../include -I.  -D_GNU_SOURCE -g -I./include -I../include -I.  -D_GNU_SOURCE -g -I./include -I../include -I.  -D_GNU_SOURCE -g -I./include -I../include -I.  -D_GNU_SOURCE -g -I./include -I../include -I.  -D_GNU_SOURCE -g -I./include -I../include -I.  -D_GNU_SOURCE -g -I./include -I../include -I.  -D_GNU_SOURCE -g -I./include -I../include -I.  -D_GNU_SOURCE -g -I./include -I../include -I.  -D_GNU_SOURCE -g -I./include -I../include -I.  -D_GNU_SOURCE -g -I./include -I../include -I.  -D_GNU_SOURCE -g -I./include -I../include -I.  -D_GNU_SOURCE -g -I./include -I../include -I.  -D_GNU_SOURCE -g -I./include -I../include -I.  -D_GNU_SOURCE -g -I./include -I../include -I.  -D_GNU_SOURCE -g -I./include -I../include -I.  -D_GNU_SOURCE -g -I./include -I../include -I.  -D_GNU_SOURCE -g -I./include -I../include -I.  -D_GNU_SOURCE -g -I./include -I../include -I.  -D_GNU_SOURCE -g -I./include -I../include -I.  -D_GNU_SOURCE -g -I./include -I../include -I.  -D_GNU_SOURCE -g -I./include -I../include -I.  -D_GNU_SOURCE -g -I./include -I../include -I.  -D_GNU_SOURCE -g -I./include -I../include -I.  -D_GNU_SOURCE -g -I./include -I../include -I.  -D_GNU_SOURCE -g -I./include -I../include -I.  -D_GNU_SOURCE   conftest.c -lm   >&5
conftest.c:15: warning: conflicting types for built-in function 'pow'
configure:2914: $? = 0
configure:2932: result: yes
configure:3080: creating ./config.status

## ---------------------- ##
## Running config.status. ##
## ---------------------- ##

This file was extended by libnl config.status 1.1, which was
generated by GNU Autoconf 2.61.  Invocation command line was

  CONFIG_FILES    = 
  CONFIG_HEADERS  = 
  CONFIG_LINKS    = 
  CONFIG_COMMANDS = 
  $ ./config.status 

on BuildCodeServer.realtek.com

config.status:595: creating Makefile.opts
config.status:730: WARNING:  Makefile.opts.in seems to ignore the --datarootdir setting
config.status:595: creating libnl-1.pc
config.status:595: creating doc/Doxyfile
config.status:595: creating lib/defs.h
config.status:803: lib/defs.h is unchanged

## ---------------- ##
## Cache variables. ##
## ---------------- ##

ac_cv_c_compiler_gnu=yes
ac_cv_c_const=yes
ac_cv_c_inline=inline
ac_cv_env_CC_set=set
ac_cv_env_CC_value=rsdk-linux-gcc
ac_cv_env_CFLAGS_set=set
ac_cv_env_CFLAGS_value='-g -I./include -I../include -I.  -D_GNU_SOURCE -g -I./include -I../include -I.  -D_GNU_SOURCE -g -I./include -I../include -I.  -D_GNU_SOURCE -g -I./include -I../include -I.  -D_GNU_SOURCE -g -I./include -I../include -I.  -D_GNU_SOURCE -g -I./include -I../include -I.  -D_GNU_SOURCE -g -I./include -I../include -I.  -D_GNU_SOURCE -g -I./include -I../include -I.  -D_GNU_SOURCE -g -I./include -I../include -I.  -D_GNU_SOURCE -g -I./include -I../include -I.  -D_GNU_SOURCE -g -I./include -I../include -I.  -D_GNU_SOURCE -g -I./include -I../include -I.  -D_GNU_SOURCE -g -I./include -I../include -I.  -D_GNU_SOURCE -g -I./include -I../include -I.  -D_GNU_SOURCE -g -I./include -I../include -I.  -D_GNU_SOURCE -g -I./include -I../include -I.  -D_GNU_SOURCE -g -I./include -I../include -I.  -D_GNU_SOURCE -g -I./include -I../include -I.  -D_GNU_SOURCE -g -I./include -I../include -I.  -D_GNU_SOURCE -g -I./include -I../include -I.  -D_GNU_SOURCE -g -I./include -I../include -I.  -D_GNU_SOURCE -g -I./include -I../include -I.  -D_GNU_SOURCE -g -I./include -I../include -I.  -D_GNU_SOURCE -g -I./include -I../include -I.  -D_GNU_SOURCE -g -I./include -I../include -I.  -D_GNU_SOURCE -g -I./include -I../include -I.  -D_GNU_SOURCE -g -I./include -I../include -I.  -D_GNU_SOURCE -g -I./include -I../include -I.  -D_GNU_SOURCE -g -I./include -I../include -I.  -D_GNU_SOURCE -g -I./include -I../include -I.  -D_GNU_SOURCE -g -I./include -I../include -I.  -D_GNU_SOURCE -g -I./include -I../include -I.  -D_GNU_SOURCE -g -I./include -I../include -I.  -D_GNU_SOURCE -g -I./include -I../include -I.  -D_GNU_SOURCE -g -I./include -I../include -I.  -D_GNU_SOURCE -g -I./include -I../include -I.  -D_GNU_SOURCE'
ac_cv_env_CPPFLAGS_set=
ac_cv_env_CPPFLAGS_value=
ac_cv_env_LDFLAGS_set=
ac_cv_env_LDFLAGS_value=
ac_cv_env_LIBS_set=
ac_cv_env_LIBS_value=
ac_cv_env_build_alias_set=
ac_cv_env_build_alias_value=
ac_cv_env_host_alias_set=set
ac_cv_env_host_alias_value=rsdk-linux
ac_cv_env_target_alias_set=
ac_cv_env_target_alias_value=
ac_cv_lib_m_pow=yes
ac_cv_objext=o
ac_cv_path_install='/usr/bin/install -c'
ac_cv_prog_CC=rsdk-linux-gcc
ac_cv_prog_cc_c89=
ac_cv_prog_cc_g=yes

## ----------------- ##
## Output variables. ##
## ----------------- ##

CC='rsdk-linux-gcc'
CFLAGS='-g -I./include -I../include -I.  -D_GNU_SOURCE -g -I./include -I../include -I.  -D_GNU_SOURCE -g -I./include -I../include -I.  -D_GNU_SOURCE -g -I./include -I../include -I.  -D_GNU_SOURCE -g -I./include -I../include -I.  -D_GNU_SOURCE -g -I./include -I../include -I.  -D_GNU_SOURCE -g -I./include -I../include -I.  -D_GNU_SOURCE -g -I./include -I../include -I.  -D_GNU_SOURCE -g -I./include -I../include -I.  -D_GNU_SOURCE -g -I./include -I../include -I.  -D_GNU_SOURCE -g -I./include -I../include -I.  -D_GNU_SOURCE -g -I./include -I../include -I.  -D_GNU_SOURCE -g -I./include -I../include -I.  -D_GNU_SOURCE -g -I./include -I../include -I.  -D_GNU_SOURCE -g -I./include -I../include -I.  -D_GNU_SOURCE -g -I./include -I../include -I.  -D_GNU_SOURCE -g -I./include -I../include -I.  -D_GNU_SOURCE -g -I./include -I../include -I.  -D_GNU_SOURCE -g -I./include -I../include -I.  -D_GNU_SOURCE -g -I./include -I../include -I.  -D_GNU_SOURCE -g -I./include -I../include -I.  -D_GNU_SOURCE -g -I./include -I../include -I.  -D_GNU_SOURCE -g -I./include -I../include -I.  -D_GNU_SOURCE -g -I./include -I../include -I.  -D_GNU_SOURCE -g -I./include -I../include -I.  -D_GNU_SOURCE -g -I./include -I../include -I.  -D_GNU_SOURCE -g -I./include -I../include -I.  -D_GNU_SOURCE -g -I./include -I../include -I.  -D_GNU_SOURCE -g -I./include -I../include -I.  -D_GNU_SOURCE -g -I./include -I../include -I.  -D_GNU_SOURCE -g -I./include -I../include -I.  -D_GNU_SOURCE -g -I./include -I../include -I.  -D_GNU_SOURCE -g -I./include -I../include -I.  -D_GNU_SOURCE -g -I./include -I../include -I.  -D_GNU_SOURCE -g -I./include -I../include -I.  -D_GNU_SOURCE -g -I./include -I../include -I.  -D_GNU_SOURCE'
CPPFLAGS=''
DEFS='-DHAVE_CONFIG_H'
ECHO_C=''
ECHO_N='-n'
ECHO_T=''
EXEEXT=''
INSTALL_DATA='${INSTALL} -m 644'
INSTALL_PROGRAM='${INSTALL}'
INSTALL_SCRIPT='${INSTALL}'
LDFLAGS=''
LIBNL_LIB='-lm'
LIBOBJS=''
LIBS=''
LTLIBOBJS=''
OBJEXT='o'
PACKAGE_BUGREPORT='tgraf@suug.ch'
PACKAGE_NAME='libnl'
PACKAGE_STRING='libnl 1.1'
PACKAGE_TARNAME='libnl'
PACKAGE_VERSION='1.1'
PATH_SEPARATOR=':'
SHELL='/bin/sh'
ac_ct_CC=''
bindir='${exec_prefix}/bin'
build_alias=''
datadir='${datarootdir}'
datarootdir='${prefix}/share'
docdir='${datarootdir}/doc/${PACKAGE_TARNAME}'
dvidir='${docdir}'
exec_prefix='${prefix}'
host_alias='rsdk-linux'
htmldir='${docdir}'
includedir='/HOME_OLD/home/bert/tmp/rlxlinux-v2.2/linux-2.6.30/include'
infodir='${datarootdir}/info'
libdir='${exec_prefix}/lib'
libexecdir='${exec_prefix}/libexec'
localedir='${datarootdir}/locale'
localstatedir='${prefix}/var'
mandir='${datarootdir}/man'
oldincludedir='/usr/include'
pdfdir='${docdir}'
prefix='/HOME_OLD/home/bert/tmp/rlxlinux-v2.2/romfs'
program_transform_name='s,x,x,'
psdir='${docdir}'
sbindir='${exec_prefix}/sbin'
sharedstatedir='${prefix}/com'
sysconfdir='${prefix}/etc'
target_alias=''

## ----------- ##
## confdefs.h. ##
## ----------- ##

#define PACKAGE_NAME "libnl"
#define PACKAGE_TARNAME "libnl"
#define PACKAGE_VERSION "1.1"
#define PACKAGE_STRING "libnl 1.1"
#define PACKAGE_BUGREPORT "tgraf@suug.ch"

configure: exit 0
